Using pre-set license
Built from '2021.3/staging' branch; Version is '2021.3.3f1 (af2e63e8f9bd) revision 11480675'; Using compiler version '192829333'; Build Type 'Release'
OS: 'Windows 10  (10.0.19044) 64bit Core' Language: 'en' Physical Memory: 16215 MB
BatchMode: 1, IsHumanControllingUs: 0, StartBugReporterOnCrash: 0, Is64bit: 1, IsPro: 1

COMMAND LINE ARGUMENTS:
C:\Program Files\Unity\Hub\Editor\2021.3.3f1\Editor\Unity.exe
-adb2
-batchMode
-noUpm
-name
AssetImportWorker0
-projectPath
C:/JayDev/SoL/Secret Of Lama
-logFile
Logs/AssetImportWorker0.log
-srvPort
56407
Successfully changed project path to: C:/JayDev/SoL/Secret Of Lama
C:/JayDev/SoL/Secret Of Lama
[UnityMemory] Configuration Parameters - Can be set up in boot.config
    "memorysetup-bucket-allocator-granularity=16"
    "memorysetup-bucket-allocator-bucket-count=8"
    "memorysetup-bucket-allocator-block-size=33554432"
    "memorysetup-bucket-allocator-block-count=8"
    "memorysetup-main-allocator-block-size=16777216"
    "memorysetup-thread-allocator-block-size=16777216"
    "memorysetup-gfx-main-allocator-block-size=16777216"
    "memorysetup-gfx-thread-allocator-block-size=16777216"
    "memorysetup-cache-allocator-block-size=4194304"
    "memorysetup-typetree-allocator-block-size=2097152"
    "memorysetup-profiler-bucket-allocator-granularity=16"
    "memorysetup-profiler-bucket-allocator-bucket-count=8"
    "memorysetup-profiler-bucket-allocator-block-size=33554432"
    "memorysetup-profiler-bucket-allocator-block-count=8"
    "memorysetup-profiler-allocator-block-size=16777216"
    "memorysetup-profiler-editor-allocator-block-size=1048576"
    "memorysetup-temp-allocator-size-main=16777216"
    "memorysetup-job-temp-allocator-block-size=2097152"
    "memorysetup-job-temp-allocator-block-size-background=1048576"
    "memorysetup-job-temp-allocator-reduction-small-platforms=262144"
    "memorysetup-temp-allocator-size-background-worker=32768"
    "memorysetup-temp-allocator-size-job-worker=262144"
    "memorysetup-temp-allocator-size-preload-manager=33554432"
    "memorysetup-temp-allocator-size-nav-mesh-worker=65536"
    "memorysetup-temp-allocator-size-audio-worker=65536"
    "memorysetup-temp-allocator-size-cloud-worker=32768"
    "memorysetup-temp-allocator-size-gi-baking-worker=262144"
    "memorysetup-temp-allocator-size-gfx=262144"
Refreshing native plugins compatible for Editor in 69.86 ms, found 3 plugins.
Preloading 0 native plugins for Editor in 0.00 ms.
Initialize engine version: 2021.3.3f1 (af2e63e8f9bd)
[Subsystems] Discovering subsystems at path C:/Program Files/Unity/Hub/Editor/2021.3.3f1/Editor/Data/Resources/UnitySubsystems
[Subsystems] Discovering subsystems at path C:/JayDev/SoL/Secret Of Lama/Assets
GfxDevice: creating device client; threaded=0; jobified=0
Direct3D:
    Version:  Direct3D 11.0 [level 11.1]
    Renderer: NVIDIA GeForce RTX 3060 Laptop GPU (ID=0x2520)
    Vendor:   NVIDIA
    VRAM:     6023 MB
    Driver:   30.0.14.7212
Initialize mono
Mono path[0] = 'C:/Program Files/Unity/Hub/Editor/2021.3.3f1/Editor/Data/Managed'
Mono path[1] = 'C:/Program Files/Unity/Hub/Editor/2021.3.3f1/Editor/Data/MonoBleedingEdge/lib/mono/unityjit-win32'
Mono config path = 'C:/Program Files/Unity/Hub/Editor/2021.3.3f1/Editor/Data/MonoBleedingEdge/etc'
Using monoOptions --debugger-agent=transport=dt_socket,embedding=1,server=y,suspend=n,address=127.0.0.1:56772
Begin MonoManager ReloadAssembly
Registering precompiled unity dll's ...
Register platform support module: C:/Program Files/Unity/Hub/Editor/2021.3.3f1/Editor/Data/PlaybackEngines/WindowsStandaloneSupport/UnityEditor.WindowsStandalone.Extensions.dll
Registered in 0.018939 seconds.
Native extension for WindowsStandalone target not found
Refreshing native plugins compatible for Editor in 83.61 ms, found 3 plugins.
Preloading 0 native plugins for Editor in 0.00 ms.
Mono: successfully reloaded assembly
- Completed reload, in  1.138 seconds
Domain Reload Profiling:
	ReloadAssembly (1139ms)
		BeginReloadAssembly (152ms)
			ExecutionOrderSort (0ms)
			DisableScriptedObjects (0ms)
			BackupInstance (0ms)
			ReleaseScriptingObjects (0ms)
			CreateAndSetChildDomain (1ms)
		EndReloadAssembly (770ms)
			LoadAssemblies (148ms)
			RebuildTransferFunctionScriptingTraits (0ms)
			SetupTypeCache (210ms)
			ReleaseScriptCaches (0ms)
			RebuildScriptCaches (61ms)
			SetupLoadedEditorAssemblies (397ms)
				LogAssemblyErrors (0ms)
				InitializePlatformSupportModulesInManaged (12ms)
				SetLoadedEditorAssemblies (0ms)
				RefreshPlugins (84ms)
				BeforeProcessingInitializeOnLoad (2ms)
				ProcessInitializeOnLoadAttributes (234ms)
				ProcessInitializeOnLoadMethodAttributes (64ms)
				AfterProcessingInitializeOnLoad (0ms)
				EditorAssembliesLoaded (0ms)
			ExecutionOrderSort2 (0ms)
			AwakeInstancesAfterBackupRestoration (0ms)
Platform modules already initialized, skipping
Registering precompiled user dll's ...
Registered in 0.009434 seconds.
Begin MonoManager ReloadAssembly
Native extension for WindowsStandalone target not found
Refreshing native plugins compatible for Editor in 62.68 ms, found 3 plugins.
Preloading 0 native plugins for Editor in 0.00 ms.
Mono: successfully reloaded assembly
- Completed reload, in  1.354 seconds
Domain Reload Profiling:
	ReloadAssembly (1355ms)
		BeginReloadAssembly (153ms)
			ExecutionOrderSort (0ms)
			DisableScriptedObjects (7ms)
			BackupInstance (0ms)
			ReleaseScriptingObjects (0ms)
			CreateAndSetChildDomain (21ms)
		EndReloadAssembly (1040ms)
			LoadAssemblies (117ms)
			RebuildTransferFunctionScriptingTraits (0ms)
			SetupTypeCache (261ms)
			ReleaseScriptCaches (1ms)
			RebuildScriptCaches (69ms)
			SetupLoadedEditorAssemblies (527ms)
				LogAssemblyErrors (0ms)
				InitializePlatformSupportModulesInManaged (8ms)
				SetLoadedEditorAssemblies (0ms)
				RefreshPlugins (63ms)
				BeforeProcessingInitializeOnLoad (101ms)
				ProcessInitializeOnLoadAttributes (285ms)
				ProcessInitializeOnLoadMethodAttributes (55ms)
				AfterProcessingInitializeOnLoad (14ms)
				EditorAssembliesLoaded (0ms)
			ExecutionOrderSort2 (0ms)
			AwakeInstancesAfterBackupRestoration (8ms)
Platform modules already initialized, skipping
========================================================================
Worker process is ready to serve import requests
Launched and connected shader compiler UnityShaderCompiler.exe after 0.05 seconds
Refreshing native plugins compatible for Editor in 0.61 ms, found 3 plugins.
Preloading 0 native plugins for Editor in 0.00 ms.
Unloading 2553 Unused Serialized files (Serialized files now loaded: 0)
Unloading 32 unused Assets / (30.2 KB). Loaded Objects now: 3018.
Memory consumption went from 114.0 MB to 113.9 MB.
Total: 4.503800 ms (FindLiveObjects: 0.252600 ms CreateObjectMapping: 0.239900 ms MarkObjects: 3.971700 ms  DeleteObjects: 0.038300 ms)

AssetImportParameters requested are different than current active one (requested -> active):
  custom:video-decoder-ogg-theora: a1e56fd34408186e4bbccfd4996cb3dc -> 
  custom:container-muxer-webm: aa71ff27fc2769a1b78a27578f13a17b -> 
  custom:container-demuxer-webm: 4f35f7cbe854078d1ac9338744f61a02 -> 
  custom:video-encoder-webm-vp8: eb34c28f22e8b96e1ab97ce403110664 -> 
  custom:audio-encoder-webm-vorbis: bf7c407c2cedff20999df2af8eb42d56 -> 
  custom:framework-win-MediaFoundation: 216162199b28c13a410421893ffa2e32 -> 
  custom:container-demuxer-ogg: 62fdf1f143b41e24485cea50d1cbac27 -> 
  custom:video-decoder-webm-vp8: 9c59270c3fd7afecdb556c50c9e8de78 -> 
  custom:audio-decoder-ogg-vorbis: bf7c407c2cedff20999df2af8eb42d56 -> 
========================================================================
Received Import Request.
  Time since last request: 350791.282679 seconds.
  path: Assets/Sword_Stone_Empty_0.asset
  artifactKey: Guid(2296ae357e8457a429be5940fa96be36) Importer(815301076,1909f56bfc062723c751e8b465ee728b)
Start importing Assets/Sword_Stone_Empty_0.asset using Guid(2296ae357e8457a429be5940fa96be36) Importer(815301076,1909f56bfc062723c751e8b465ee728b)  -> (artifact id: 'e12106934af957bc6fd0dd7604dd9417') in 0.056862 seconds 
========================================================================
Received Import Request.
  Time since last request: 0.000031 seconds.
  path: Assets/Sword_Stone_Empty_4.asset
  artifactKey: Guid(82b7acfae131ac94793bb020f0a16603) Importer(815301076,1909f56bfc062723c751e8b465ee728b)
Start importing Assets/Sword_Stone_Empty_4.asset using Guid(82b7acfae131ac94793bb020f0a16603) Importer(815301076,1909f56bfc062723c751e8b465ee728b)  -> (artifact id: '29bc5cca800b29c59cda730d1daa60ae') in 0.004519 seconds 
========================================================================
Received Import Request.
  Time since last request: 0.000028 seconds.
  path: Assets/Sword_Stone_Empty_2.asset
  artifactKey: Guid(6c84306057870b84daa2424b72d95444) Importer(815301076,1909f56bfc062723c751e8b465ee728b)
Start importing Assets/Sword_Stone_Empty_2.asset using Guid(6c84306057870b84daa2424b72d95444) Importer(815301076,1909f56bfc062723c751e8b465ee728b)  -> (artifact id: 'cb97f8c94a4f6f9e237d6ea5fa276ef8') in 0.004275 seconds 
========================================================================
Received Import Request.
  Time since last request: 0.000028 seconds.
  path: Assets/Sword_Stone_Empty_5.asset
  artifactKey: Guid(b0dbca1661bad39498b2ae17055f3549) Importer(815301076,1909f56bfc062723c751e8b465ee728b)
Start importing Assets/Sword_Stone_Empty_5.asset using Guid(b0dbca1661bad39498b2ae17055f3549) Importer(815301076,1909f56bfc062723c751e8b465ee728b)  -> (artifact id: '5fbcf482e9e8eff024e3a22af6a813ec') in 0.003882 seconds 
========================================================================
Received Import Request.
  Time since last request: 1028.256802 seconds.
  path: Assets/Gamedata
  artifactKey: Guid(ddf5f6d9b6bb6014d83d75fbbe317a0b) Importer(815301076,1909f56bfc062723c751e8b465ee728b)
Start importing Assets/Gamedata using Guid(ddf5f6d9b6bb6014d83d75fbbe317a0b) Importer(815301076,1909f56bfc062723c751e8b465ee728b)  -> (artifact id: 'e7f4e9cb87bac49632963f1c44bef96a') in 0.001473 seconds 
========================================================================
Received Import Request.
  Time since last request: 6.339912 seconds.
  path: Assets/Gamedata/Items
  artifactKey: Guid(c3acd9a381b199a488408cd240832058) Importer(815301076,1909f56bfc062723c751e8b465ee728b)
Start importing Assets/Gamedata/Items using Guid(c3acd9a381b199a488408cd240832058) Importer(815301076,1909f56bfc062723c751e8b465ee728b)  -> (artifact id: 'a28a219f0c19d9d8c64aef3498dd4219') in 0.001442 seconds 
========================================================================
Received Import Request.
  Time since last request: 0.877456 seconds.
  path: Assets/Gamedata/Items/Weapons
  artifactKey: Guid(1648400eb86a4ef44a717cc50442ba3e) Importer(815301076,1909f56bfc062723c751e8b465ee728b)
Start importing Assets/Gamedata/Items/Weapons using Guid(1648400eb86a4ef44a717cc50442ba3e) Importer(815301076,1909f56bfc062723c751e8b465ee728b)  -> (artifact id: '8af77f3d8ab080cbc64d15429d48d2a1') in 0.001488 seconds 
========================================================================
Received Import Request.
  Time since last request: 0.061629 seconds.
  path: Assets/Gamedata/Items/Weapons/Sword.asset
  artifactKey: Guid(ee9b62a4d87d18b41ab94ee5d74b4296) Importer(815301076,1909f56bfc062723c751e8b465ee728b)
Start importing Assets/Gamedata/Items/Weapons/Sword.asset using Guid(ee9b62a4d87d18b41ab94ee5d74b4296) Importer(815301076,1909f56bfc062723c751e8b465ee728b)  -> (artifact id: '2aefee3ce458652e18e9005ef841892a') in 0.008406 seconds 
========================================================================
Received Import Request.
  Time since last request: 227.821201 seconds.
  path: Assets/Scripts/SoL/UI/ActorHUD.cs
  artifactKey: Guid(eef5f2d85db0df1498034703ed83c206) Importer(815301076,1909f56bfc062723c751e8b465ee728b)
Start importing Assets/Scripts/SoL/UI/ActorHUD.cs using Guid(eef5f2d85db0df1498034703ed83c206) Importer(815301076,1909f56bfc062723c751e8b465ee728b)  -> (artifact id: '04bd36e8d057f6343f33cfd5638cf776') in 0.009724 seconds 
========================================================================
Received Prepare
Registering precompiled user dll's ...
Registered in 0.013061 seconds.
Begin MonoManager ReloadAssembly
Native extension for WindowsStandalone target not found
Refreshing native plugins compatible for Editor in 1.12 ms, found 3 plugins.
Preloading 0 native plugins for Editor in 0.00 ms.
Mono: successfully reloaded assembly
- Completed reload, in  1.479 seconds
Domain Reload Profiling:
	ReloadAssembly (1480ms)
		BeginReloadAssembly (181ms)
			ExecutionOrderSort (0ms)
			DisableScriptedObjects (16ms)
			BackupInstance (0ms)
			ReleaseScriptingObjects (0ms)
			CreateAndSetChildDomain (47ms)
		EndReloadAssembly (1135ms)
			LoadAssemblies (120ms)
			RebuildTransferFunctionScriptingTraits (0ms)
			SetupTypeCache (357ms)
			ReleaseScriptCaches (2ms)
			RebuildScriptCaches (88ms)
			SetupLoadedEditorAssemblies (502ms)
				LogAssemblyErrors (0ms)
				InitializePlatformSupportModulesInManaged (23ms)
				SetLoadedEditorAssemblies (1ms)
				RefreshPlugins (1ms)
				BeforeProcessingInitializeOnLoad (117ms)
				ProcessInitializeOnLoadAttributes (289ms)
				ProcessInitializeOnLoadMethodAttributes (56ms)
				AfterProcessingInitializeOnLoad (14ms)
				EditorAssembliesLoaded (0ms)
			ExecutionOrderSort2 (0ms)
			AwakeInstancesAfterBackupRestoration (13ms)
Platform modules already initialized, skipping
Refreshing native plugins compatible for Editor in 3.11 ms, found 3 plugins.
Preloading 0 native plugins for Editor in 0.00 ms.
Unloading 2529 Unused Serialized files (Serialized files now loaded: 0)
Unloading 20 unused Assets / (31.8 KB). Loaded Objects now: 3021.
Memory consumption went from 112.1 MB to 112.1 MB.
Total: 4.737200 ms (FindLiveObjects: 0.212200 ms CreateObjectMapping: 0.135100 ms MarkObjects: 4.365300 ms  DeleteObjects: 0.023200 ms)

AssetImportParameters requested are different than current active one (requested -> active):
  custom:video-decoder-ogg-theora: a1e56fd34408186e4bbccfd4996cb3dc -> 
  custom:container-muxer-webm: aa71ff27fc2769a1b78a27578f13a17b -> 
  custom:container-demuxer-webm: 4f35f7cbe854078d1ac9338744f61a02 -> 
  custom:video-encoder-webm-vp8: eb34c28f22e8b96e1ab97ce403110664 -> 
  custom:audio-encoder-webm-vorbis: bf7c407c2cedff20999df2af8eb42d56 -> 
  custom:framework-win-MediaFoundation: 216162199b28c13a410421893ffa2e32 -> 
  custom:container-demuxer-ogg: 62fdf1f143b41e24485cea50d1cbac27 -> 
  custom:video-decoder-webm-vp8: 9c59270c3fd7afecdb556c50c9e8de78 -> 
  custom:audio-decoder-ogg-vorbis: bf7c407c2cedff20999df2af8eb42d56 -> 
========================================================================
Received Import Request.
  Time since last request: 281.325724 seconds.
  path: Assets/Gamedata/Items/Weapons/Water Donut.asset
  artifactKey: Guid(930f64a3d38209a40833109e7765125c) Importer(815301076,1909f56bfc062723c751e8b465ee728b)
Start importing Assets/Gamedata/Items/Weapons/Water Donut.asset using Guid(930f64a3d38209a40833109e7765125c) Importer(815301076,1909f56bfc062723c751e8b465ee728b)  -> (artifact id: '32c88ad78f11374e18638ae874112925') in 0.024184 seconds 
========================================================================
Received Import Request.
  Time since last request: 211.667860 seconds.
  path: Assets/Gamedata/Animation/Rabite/Rabite.asset
  artifactKey: Guid(9bfd0cc2cd1ad2e41a87479d56d4cf71) Importer(815301076,1909f56bfc062723c751e8b465ee728b)
Start importing Assets/Gamedata/Animation/Rabite/Rabite.asset using Guid(9bfd0cc2cd1ad2e41a87479d56d4cf71) Importer(815301076,1909f56bfc062723c751e8b465ee728b)  -> (artifact id: '87274d2bdde38c7ea7d882b120960b66') in 0.012386 seconds 
========================================================================
Received Import Request.
  Time since last request: 0.000093 seconds.
  path: Assets/Sounds/Rabite/rabite_attack2.wav
  artifactKey: Guid(a37db6dcbe7ed6b43a14146a7b723d9c) Importer(815301076,1909f56bfc062723c751e8b465ee728b)
Start importing Assets/Sounds/Rabite/rabite_attack2.wav using Guid(a37db6dcbe7ed6b43a14146a7b723d9c) Importer(815301076,1909f56bfc062723c751e8b465ee728b)  -> (artifact id: '9a56ee567888c85ad92071e00a390cca') in 0.230288 seconds 
========================================================================
Received Import Request.
  Time since last request: 0.000028 seconds.
  path: Assets/Sounds/_Banks/Rabite_Attack.asset
  artifactKey: Guid(8b8173275ddcab14caa9a7afd5b9f519) Importer(815301076,1909f56bfc062723c751e8b465ee728b)
Start importing Assets/Sounds/_Banks/Rabite_Attack.asset using Guid(8b8173275ddcab14caa9a7afd5b9f519) Importer(815301076,1909f56bfc062723c751e8b465ee728b)  -> (artifact id: '71580d5819255b04709e3ac433e1efbd') in 0.003643 seconds 
========================================================================
Received Import Request.
  Time since last request: 0.000033 seconds.
  path: Assets/Sprites/Character/Enemies/Rabite_Shadow.png
  artifactKey: Guid(278d15e41b223c6488771ac29d4b116e) Importer(815301076,1909f56bfc062723c751e8b465ee728b)
Start importing Assets/Sprites/Character/Enemies/Rabite_Shadow.png using Guid(278d15e41b223c6488771ac29d4b116e) Importer(815301076,1909f56bfc062723c751e8b465ee728b)  -> (artifact id: '6b9aad15d51dbd9f394bc1a6ab65ebc3') in 0.079378 seconds 
========================================================================
Received Import Request.
  Time since last request: 0.000025 seconds.
  path: Assets/Sounds/Rabite/rabite_hurt1.wav
  artifactKey: Guid(89822022e7b1bba468c08b60c9810747) Importer(815301076,1909f56bfc062723c751e8b465ee728b)
Start importing Assets/Sounds/Rabite/rabite_hurt1.wav using Guid(89822022e7b1bba468c08b60c9810747) Importer(815301076,1909f56bfc062723c751e8b465ee728b)  -> (artifact id: 'b2f4d126aaf2b510f41b76d535f3e7c6') in 0.012559 seconds 
========================================================================
Received Import Request.
  Time since last request: 0.000029 seconds.
  path: Assets/Gamedata/Animation/_SoundFrameEvents/Rabite_Hurt.asset
  artifactKey: Guid(2e937f9ca6f99f240a601925fdab153f) Importer(815301076,1909f56bfc062723c751e8b465ee728b)
Start importing Assets/Gamedata/Animation/_SoundFrameEvents/Rabite_Hurt.asset using Guid(2e937f9ca6f99f240a601925fdab153f) Importer(815301076,1909f56bfc062723c751e8b465ee728b)  -> (artifact id: '8c08333a6b901034c46b4b7107c48f54') in 0.008339 seconds 
========================================================================
Received Import Request.
  Time since last request: 0.000032 seconds.
  path: Assets/Sprites/Character/Enemies/Rabite_01.png
  artifactKey: Guid(d1d21600592db754da3df297c64c28d9) Importer(815301076,1909f56bfc062723c751e8b465ee728b)
Start importing Assets/Sprites/Character/Enemies/Rabite_01.png using Guid(d1d21600592db754da3df297c64c28d9) Importer(815301076,1909f56bfc062723c751e8b465ee728b)  -> (artifact id: '1b7e03f74b6697938df304da02e876e3') in 0.050553 seconds 
========================================================================
Received Import Request.
  Time since last request: 3.069803 seconds.
  path: Assets/Gamedata/Animation/Cloud/Cloud.asset
  artifactKey: Guid(68960860b1cdda744a310f6fe725c748) Importer(815301076,1909f56bfc062723c751e8b465ee728b)
Start importing Assets/Gamedata/Animation/Cloud/Cloud.asset using Guid(68960860b1cdda744a310f6fe725c748) Importer(815301076,1909f56bfc062723c751e8b465ee728b)  -> (artifact id: '7052526b5ca8896c266e8d110e1445f9') in 0.011911 seconds 
========================================================================
Received Import Request.
  Time since last request: 0.000021 seconds.
  path: Assets/Gamedata/Animation/Water Donut/Water Donut.asset
  artifactKey: Guid(365c95e5d5dafef4bb83ff94421f248c) Importer(815301076,1909f56bfc062723c751e8b465ee728b)
Start importing Assets/Gamedata/Animation/Water Donut/Water Donut.asset using Guid(365c95e5d5dafef4bb83ff94421f248c) Importer(815301076,1909f56bfc062723c751e8b465ee728b)  -> (artifact id: '8687d392fb08d9c9328fdcb72dbcabe7') in 0.006826 seconds 
========================================================================
Received Import Request.
  Time since last request: 0.000058 seconds.
  path: Assets/Gamedata/Animation/Cloud/Cloud_Summon_Lightning1.asset
  artifactKey: Guid(5d12aeec52886434eb12b253a91d59dd) Importer(815301076,1909f56bfc062723c751e8b465ee728b)
Start importing Assets/Gamedata/Animation/Cloud/Cloud_Summon_Lightning1.asset using Guid(5d12aeec52886434eb12b253a91d59dd) Importer(815301076,1909f56bfc062723c751e8b465ee728b)  -> (artifact id: '21962d5279aeed3bf700ce0a519b9056') in 0.006213 seconds 
========================================================================
Received Import Request.
  Time since last request: 0.000019 seconds.
  path: Assets/Gamedata/Animation/CrabBoss/CrabBoss.asset
  artifactKey: Guid(9a74fd1081009b046bfdc711834f20f8) Importer(815301076,1909f56bfc062723c751e8b465ee728b)
Start importing Assets/Gamedata/Animation/CrabBoss/CrabBoss.asset using Guid(9a74fd1081009b046bfdc711834f20f8) Importer(815301076,1909f56bfc062723c751e8b465ee728b)  -> (artifact id: '3da35e975cc37549fbbedb33f0376c68') in 0.034838 seconds 
========================================================================
Received Import Request.
  Time since last request: 0.000023 seconds.
  path: Assets/Gamedata/Animation/SlimLlama.asset
  artifactKey: Guid(0e891d3373c4e9a48b00a5e8042489f4) Importer(815301076,1909f56bfc062723c751e8b465ee728b)
Start importing Assets/Gamedata/Animation/SlimLlama.asset using Guid(0e891d3373c4e9a48b00a5e8042489f4) Importer(815301076,1909f56bfc062723c751e8b465ee728b)  -> (artifact id: '3cf8e3312b8449232bf6fbe51463da3b') in 0.007540 seconds 
========================================================================
Received Import Request.
  Time since last request: 3.073525 seconds.
  path: Assets/Prefabs/World/Actors/Rabite.prefab
  artifactKey: Guid(001fe00406a7f0d47a421457fc5047d5) Importer(815301076,1909f56bfc062723c751e8b465ee728b)
Start importing Assets/Prefabs/World/Actors/Rabite.prefab using Guid(001fe00406a7f0d47a421457fc5047d5) Importer(815301076,1909f56bfc062723c751e8b465ee728b)  -> (artifact id: 'd2ec29715abea860f318a851baddf51f') in 0.041785 seconds 
========================================================================
Received Import Request.
  Time since last request: 179.362125 seconds.
  path: Assets/Prefabs/World/Actors/Crab.prefab
  artifactKey: Guid(160d9855430e3044faf0bdf7027fb2b2) Importer(815301076,1909f56bfc062723c751e8b465ee728b)
Start importing Assets/Prefabs/World/Actors/Crab.prefab using Guid(160d9855430e3044faf0bdf7027fb2b2) Importer(815301076,1909f56bfc062723c751e8b465ee728b)  -> (artifact id: '040e0e46b15b3e135aee87dbaf207120') in 0.040423 seconds 
========================================================================
Received Import Request.
  Time since last request: 0.000027 seconds.
  path: Assets/Sounds/_Banks/Crab_Hurt.asset
  artifactKey: Guid(1231cb416496a214e8410ed7e60de4e6) Importer(815301076,1909f56bfc062723c751e8b465ee728b)
Start importing Assets/Sounds/_Banks/Crab_Hurt.asset using Guid(1231cb416496a214e8410ed7e60de4e6) Importer(815301076,1909f56bfc062723c751e8b465ee728b)  -> (artifact id: '9077a8460e0c51f800a78d56f8428794') in 0.005637 seconds 
========================================================================
Received Import Request.
  Time since last request: 0.000025 seconds.
  path: Assets/Gamedata/Animation/_SoundFrameEvents/Crab_Attack.asset
  artifactKey: Guid(703708e7076fcf144bbe7a43a1bfd497) Importer(815301076,1909f56bfc062723c751e8b465ee728b)
Start importing Assets/Gamedata/Animation/_SoundFrameEvents/Crab_Attack.asset using Guid(703708e7076fcf144bbe7a43a1bfd497) Importer(815301076,1909f56bfc062723c751e8b465ee728b)  -> (artifact id: '632315a97dc4b3b9c9cbdcf8da5798f8') in 0.003914 seconds 
========================================================================
Received Import Request.
  Time since last request: 0.000049 seconds.
  path: Assets/Sounds/_Banks/Crab_Attack.asset
  artifactKey: Guid(46ce148e26ddc9b4fa4801d090c69485) Importer(815301076,1909f56bfc062723c751e8b465ee728b)
Start importing Assets/Sounds/_Banks/Crab_Attack.asset using Guid(46ce148e26ddc9b4fa4801d090c69485) Importer(815301076,1909f56bfc062723c751e8b465ee728b)  -> (artifact id: 'dba84daa5f3fe65995488ee6dd822025') in 0.005381 seconds 
========================================================================
Received Import Request.
  Time since last request: 2.137241 seconds.
  path: Assets/Gamedata/Animation/_SoundFrameEvents/Crab_Hurt.asset
  artifactKey: Guid(d9ec032cafd55a9479bdd65e1b3b0794) Importer(815301076,1909f56bfc062723c751e8b465ee728b)
Start importing Assets/Gamedata/Animation/_SoundFrameEvents/Crab_Hurt.asset using Guid(d9ec032cafd55a9479bdd65e1b3b0794) Importer(815301076,1909f56bfc062723c751e8b465ee728b)  -> (artifact id: '95e636bcbbcdfcc7e274d81de219d1e9') in 0.003054 seconds 
========================================================================
Received Import Request.
  Time since last request: 0.000025 seconds.
  path: Assets/Prefabs/World/Actors/Crab_Swarmling.prefab
  artifactKey: Guid(09c5f8048169311469ce2afcec205444) Importer(815301076,1909f56bfc062723c751e8b465ee728b)
Start importing Assets/Prefabs/World/Actors/Crab_Swarmling.prefab using Guid(09c5f8048169311469ce2afcec205444) Importer(815301076,1909f56bfc062723c751e8b465ee728b)  -> (artifact id: '2c707d800dee50870cf0dadc77c571ad') in 0.037654 seconds 
========================================================================
Received Import Request.
  Time since last request: 0.000027 seconds.
  path: Assets/Gamedata/Animation/CrabBoss/CrabBoss_Bubblebeam.asset
  artifactKey: Guid(0e3056bb4ec9d7940846f2d7e3234600) Importer(815301076,1909f56bfc062723c751e8b465ee728b)
Start importing Assets/Gamedata/Animation/CrabBoss/CrabBoss_Bubblebeam.asset using Guid(0e3056bb4ec9d7940846f2d7e3234600) Importer(815301076,1909f56bfc062723c751e8b465ee728b)  -> (artifact id: 'f84989150c82ca18fc29a8bbc7aa9c6b') in 0.010129 seconds 
========================================================================
Received Import Request.
  Time since last request: 0.000031 seconds.
  path: Assets/Sounds/Crab/crab_hurt2.wav
  artifactKey: Guid(f302858ee7ce9a1479759e955eba7676) Importer(815301076,1909f56bfc062723c751e8b465ee728b)
Start importing Assets/Sounds/Crab/crab_hurt2.wav using Guid(f302858ee7ce9a1479759e955eba7676) Importer(815301076,1909f56bfc062723c751e8b465ee728b)  -> (artifact id: 'b5b4da5e3c6e47dd4d0c0665774da447') in 0.016309 seconds 
========================================================================
Received Import Request.
  Time since last request: 0.000027 seconds.
  path: Assets/Sounds/_Banks/CrabBoss_Hurt.asset
  artifactKey: Guid(2ca637a7afb806340a9ca656f9d1969d) Importer(815301076,1909f56bfc062723c751e8b465ee728b)
Start importing Assets/Sounds/_Banks/CrabBoss_Hurt.asset using Guid(2ca637a7afb806340a9ca656f9d1969d) Importer(815301076,1909f56bfc062723c751e8b465ee728b)  -> (artifact id: '42fcba6ce17fe5ff461180ec1e93d68b') in 0.004420 seconds 
========================================================================
Received Import Request.
  Time since last request: 0.000017 seconds.
  path: Assets/Sounds/Music/CrabBoss.asset
  artifactKey: Guid(06a9f8601f55a554e94f54ef3252c59d) Importer(815301076,1909f56bfc062723c751e8b465ee728b)
Start importing Assets/Sounds/Music/CrabBoss.asset using Guid(06a9f8601f55a554e94f54ef3252c59d) Importer(815301076,1909f56bfc062723c751e8b465ee728b)  -> (artifact id: '2f4c73c06e38a036b17f11d032a7f7e3') in 0.003245 seconds 
========================================================================
Received Import Request.
  Time since last request: 0.000032 seconds.
  path: Assets/Sounds/_Banks/CrabBoss_Bubblebeam.asset
  artifactKey: Guid(1c803b3075ff70a488545b6acfa0a591) Importer(815301076,1909f56bfc062723c751e8b465ee728b)
Start importing Assets/Sounds/_Banks/CrabBoss_Bubblebeam.asset using Guid(1c803b3075ff70a488545b6acfa0a591) Importer(815301076,1909f56bfc062723c751e8b465ee728b)  -> (artifact id: 'b05b4526f3e7942d6b0b6a8fb69cfa07') in 0.005089 seconds 
========================================================================
Received Import Request.
  Time since last request: 0.221246 seconds.
  path: Assets/Gamedata/Animation/_SoundFrameEvents/CrabBoss_Hurt.asset
  artifactKey: Guid(95a9e79b29599a345a83adf1e22ba19a) Importer(815301076,1909f56bfc062723c751e8b465ee728b)
Start importing Assets/Gamedata/Animation/_SoundFrameEvents/CrabBoss_Hurt.asset using Guid(95a9e79b29599a345a83adf1e22ba19a) Importer(815301076,1909f56bfc062723c751e8b465ee728b)  -> (artifact id: '72a89f960d6e76e49f8d1e9149af464f') in 0.003363 seconds 
========================================================================
Received Import Request.
  Time since last request: 0.000029 seconds.
  path: Assets/Gamedata/Animation/CrabBoss/CrabBoss_RocketSwarm.asset
  artifactKey: Guid(55c7bd54745fd43449330dd5910636db) Importer(815301076,1909f56bfc062723c751e8b465ee728b)
Start importing Assets/Gamedata/Animation/CrabBoss/CrabBoss_RocketSwarm.asset using Guid(55c7bd54745fd43449330dd5910636db) Importer(815301076,1909f56bfc062723c751e8b465ee728b)  -> (artifact id: '03493f0c98ab5956153831ad31b91ed9') in 0.010380 seconds 
========================================================================
Received Import Request.
  Time since last request: 0.000030 seconds.
  path: Assets/Gamedata/Dialogs/Map1_1/Map1_1_CrabEncounter.asset
  artifactKey: Guid(85b5dac2e9b575645bb71b8a9fc6e626) Importer(815301076,1909f56bfc062723c751e8b465ee728b)
Start importing Assets/Gamedata/Dialogs/Map1_1/Map1_1_CrabEncounter.asset using Guid(85b5dac2e9b575645bb71b8a9fc6e626) Importer(815301076,1909f56bfc062723c751e8b465ee728b)  -> (artifact id: '2984dfcc63da35907d249c543835105d') in 0.005861 seconds 
========================================================================
Received Import Request.
  Time since last request: 0.000060 seconds.
  path: Assets/Sounds/_Banks/CrabBoss_Lunge.asset
  artifactKey: Guid(5647e8447cd99c74994274c3fa47fdab) Importer(815301076,1909f56bfc062723c751e8b465ee728b)
Start importing Assets/Sounds/_Banks/CrabBoss_Lunge.asset using Guid(5647e8447cd99c74994274c3fa47fdab) Importer(815301076,1909f56bfc062723c751e8b465ee728b)  -> (artifact id: '8468adaaf64dc058c0443fad3a47e783') in 0.003858 seconds 
========================================================================
Received Import Request.
  Time since last request: 0.000036 seconds.
  path: Assets/Sounds/_Banks/CrabBoss_Retreat.asset
  artifactKey: Guid(282a7e0f4c7b1784eb14662785412a9b) Importer(815301076,1909f56bfc062723c751e8b465ee728b)
Start importing Assets/Sounds/_Banks/CrabBoss_Retreat.asset using Guid(282a7e0f4c7b1784eb14662785412a9b) Importer(815301076,1909f56bfc062723c751e8b465ee728b)  -> (artifact id: 'b77975e39addb52876264d51d217b284') in 0.003759 seconds 
========================================================================
Received Import Request.
  Time since last request: 0.000027 seconds.
  path: Assets/Gamedata/Animation/_SoundFrameEvents/CrabBoss_Retreat.asset
  artifactKey: Guid(bf055dd087d243140bb7e1c07f6227f2) Importer(815301076,1909f56bfc062723c751e8b465ee728b)
Start importing Assets/Gamedata/Animation/_SoundFrameEvents/CrabBoss_Retreat.asset using Guid(bf055dd087d243140bb7e1c07f6227f2) Importer(815301076,1909f56bfc062723c751e8b465ee728b)  -> (artifact id: '132e0d53db83e4179ba97afcb5f94f54') in 0.003536 seconds 
========================================================================
Received Import Request.
  Time since last request: 0.000051 seconds.
  path: Assets/Gamedata/Animation/_SoundFrameEvents/CrabBoss_Special.asset
  artifactKey: Guid(e4acc466ddfa2b14cbbe26a20042f0d6) Importer(815301076,1909f56bfc062723c751e8b465ee728b)
Start importing Assets/Gamedata/Animation/_SoundFrameEvents/CrabBoss_Special.asset using Guid(e4acc466ddfa2b14cbbe26a20042f0d6) Importer(815301076,1909f56bfc062723c751e8b465ee728b)  -> (artifact id: 'afd05ec7e0dd87fa5ddde19d1726828a') in 0.005538 seconds 
========================================================================
Received Import Request.
  Time since last request: 0.000034 seconds.
  path: Assets/Sprites/Character/Enemies/Small_Crab.png
  artifactKey: Guid(d2ffda15d9f09554cb5e5bc92eb2a60a) Importer(815301076,1909f56bfc062723c751e8b465ee728b)
Start importing Assets/Sprites/Character/Enemies/Small_Crab.png using Guid(d2ffda15d9f09554cb5e5bc92eb2a60a) Importer(815301076,1909f56bfc062723c751e8b465ee728b)  -> (artifact id: '229355bb1f06e380d6e5b73fe7aedc56') in 0.104906 seconds 
========================================================================
Received Import Request.
  Time since last request: 48.667803 seconds.
  path: Assets/Prefabs/World/Actors/GIantCrab.prefab
  artifactKey: Guid(032575d5ace9dfe438e6eb19d01a4226) Importer(815301076,1909f56bfc062723c751e8b465ee728b)
Start importing Assets/Prefabs/World/Actors/GIantCrab.prefab using Guid(032575d5ace9dfe438e6eb19d01a4226) Importer(815301076,1909f56bfc062723c751e8b465ee728b)  -> (artifact id: '2aca16c4b3e189ca62f81226a143a363') in 0.056374 seconds 
========================================================================
Received Import Request.
  Time since last request: 10.821081 seconds.
  path: Assets/Prefabs/World/Actors/GIantCrab.prefab
  artifactKey: Guid(032575d5ace9dfe438e6eb19d01a4226) Importer(815301076,1909f56bfc062723c751e8b465ee728b)
Start importing Assets/Prefabs/World/Actors/GIantCrab.prefab using Guid(032575d5ace9dfe438e6eb19d01a4226) Importer(815301076,1909f56bfc062723c751e8b465ee728b)  -> (artifact id: '658270b6df315565bbcf7c72a13e22ba') in 0.051550 seconds 
========================================================================
Received Import Request.
  Time since last request: 5.512282 seconds.
  path: Assets/Sounds/CrabBoss
  artifactKey: Guid(385fbf7038bea1649b0326b4ccbc8436) Importer(815301076,1909f56bfc062723c751e8b465ee728b)
Start importing Assets/Sounds/CrabBoss using Guid(385fbf7038bea1649b0326b4ccbc8436) Importer(815301076,1909f56bfc062723c751e8b465ee728b)  -> (artifact id: '2b431561f45a76049945e801eaec32bc') in 0.001370 seconds 
========================================================================
Received Import Request.
  Time since last request: 0.530419 seconds.
  path: Assets/Gamedata/Animation/CrabBoss
  artifactKey: Guid(af17a4cd98ac6a14782e88a155adc8f2) Importer(815301076,1909f56bfc062723c751e8b465ee728b)
Start importing Assets/Gamedata/Animation/CrabBoss using Guid(af17a4cd98ac6a14782e88a155adc8f2) Importer(815301076,1909f56bfc062723c751e8b465ee728b)  -> (artifact id: '0c3b863be588e78ec429c14d73836e54') in 0.001668 seconds 
========================================================================
Received Import Request.
  Time since last request: 1.430633 seconds.
  path: Assets/Gamedata/Animation/Crab
  artifactKey: Guid(0184b21f4f96de346ab10363e6391a0d) Importer(815301076,1909f56bfc062723c751e8b465ee728b)
Start importing Assets/Gamedata/Animation/Crab using Guid(0184b21f4f96de346ab10363e6391a0d) Importer(815301076,1909f56bfc062723c751e8b465ee728b)  -> (artifact id: 'b91d8fedecae4b02147300fa2c771464') in 0.002391 seconds 
========================================================================
Received Import Request.
  Time since last request: 93.123989 seconds.
  path: Assets/Prefabs/World/Actors/GiantCrab.prefab
  artifactKey: Guid(032575d5ace9dfe438e6eb19d01a4226) Importer(815301076,1909f56bfc062723c751e8b465ee728b)
Start importing Assets/Prefabs/World/Actors/GiantCrab.prefab using Guid(032575d5ace9dfe438e6eb19d01a4226) Importer(815301076,1909f56bfc062723c751e8b465ee728b)  -> (artifact id: 'c66dd22a13b15dbb256ae9a661f11618') in 0.043698 seconds 
