Using pre-set license
Built from '2021.3/staging' branch; Version is '2021.3.3f1 (af2e63e8f9bd) revision 11480675'; Using compiler version '192829333'; Build Type 'Release'
OS: 'Windows 10  (10.0.19044) 64bit Professional' Language: 'de' Physical Memory: 16344 MB
BatchMode: 1, IsHumanControllingUs: 0, StartBugReporterOnCrash: 0, Is64bit: 1, IsPro: 1

COMMAND LINE ARGUMENTS:
C:\Program Files\Unity\Hub\Editor\2021.3.3f1\Editor\Unity.exe
-adb2
-batchMode
-noUpm
-name
AssetImportWorker0
-projectPath
D:/SoL/Secret Of Lama
-logFile
Logs/AssetImportWorker0.log
-srvPort
61562
Successfully changed project path to: D:/SoL/Secret Of Lama
D:/SoL/Secret Of Lama
[UnityMemory] Configuration Parameters - Can be set up in boot.config
    "memorysetup-bucket-allocator-granularity=16"
    "memorysetup-bucket-allocator-bucket-count=8"
    "memorysetup-bucket-allocator-block-size=33554432"
    "memorysetup-bucket-allocator-block-count=8"
    "memorysetup-main-allocator-block-size=16777216"
    "memorysetup-thread-allocator-block-size=16777216"
    "memorysetup-gfx-main-allocator-block-size=16777216"
    "memorysetup-gfx-thread-allocator-block-size=16777216"
    "memorysetup-cache-allocator-block-size=4194304"
    "memorysetup-typetree-allocator-block-size=2097152"
    "memorysetup-profiler-bucket-allocator-granularity=16"
    "memorysetup-profiler-bucket-allocator-bucket-count=8"
    "memorysetup-profiler-bucket-allocator-block-size=33554432"
    "memorysetup-profiler-bucket-allocator-block-count=8"
    "memorysetup-profiler-allocator-block-size=16777216"
    "memorysetup-profiler-editor-allocator-block-size=1048576"
    "memorysetup-temp-allocator-size-main=16777216"
    "memorysetup-job-temp-allocator-block-size=2097152"
    "memorysetup-job-temp-allocator-block-size-background=1048576"
    "memorysetup-job-temp-allocator-reduction-small-platforms=262144"
    "memorysetup-temp-allocator-size-background-worker=32768"
    "memorysetup-temp-allocator-size-job-worker=262144"
    "memorysetup-temp-allocator-size-preload-manager=33554432"
    "memorysetup-temp-allocator-size-nav-mesh-worker=65536"
    "memorysetup-temp-allocator-size-audio-worker=65536"
    "memorysetup-temp-allocator-size-cloud-worker=32768"
    "memorysetup-temp-allocator-size-gi-baking-worker=262144"
    "memorysetup-temp-allocator-size-gfx=262144"
Refreshing native plugins compatible for Editor in 61.66 ms, found 3 plugins.
Preloading 0 native plugins for Editor in 0.00 ms.
Initialize engine version: 2021.3.3f1 (af2e63e8f9bd)
[Subsystems] Discovering subsystems at path C:/Program Files/Unity/Hub/Editor/2021.3.3f1/Editor/Data/Resources/UnitySubsystems
[Subsystems] Discovering subsystems at path D:/SoL/Secret Of Lama/Assets
GfxDevice: creating device client; threaded=0; jobified=0
Direct3D:
    Version:  Direct3D 11.0 [level 11.1]
    Renderer: NVIDIA GeForce GTX 970 (ID=0x13c2)
    Vendor:   NVIDIA
    VRAM:     4043 MB
    Driver:   31.0.15.1640
Initialize mono
Mono path[0] = 'C:/Program Files/Unity/Hub/Editor/2021.3.3f1/Editor/Data/Managed'
Mono path[1] = 'C:/Program Files/Unity/Hub/Editor/2021.3.3f1/Editor/Data/MonoBleedingEdge/lib/mono/unityjit-win32'
Mono config path = 'C:/Program Files/Unity/Hub/Editor/2021.3.3f1/Editor/Data/MonoBleedingEdge/etc'
Using monoOptions --debugger-agent=transport=dt_socket,embedding=1,server=y,suspend=n,address=127.0.0.1:56076
Begin MonoManager ReloadAssembly
Registering precompiled unity dll's ...
Register platform support module: C:/Program Files/Unity/Hub/Editor/2021.3.3f1/Editor/Data/PlaybackEngines/WindowsStandaloneSupport/UnityEditor.WindowsStandalone.Extensions.dll
Registered in 0.011187 seconds.
Native extension for WindowsStandalone target not found
Refreshing native plugins compatible for Editor in 56.18 ms, found 3 plugins.
Preloading 0 native plugins for Editor in 0.00 ms.
Mono: successfully reloaded assembly
- Completed reload, in  0.804 seconds
Domain Reload Profiling:
	ReloadAssembly (805ms)
		BeginReloadAssembly (103ms)
			ExecutionOrderSort (0ms)
			DisableScriptedObjects (0ms)
			BackupInstance (0ms)
			ReleaseScriptingObjects (0ms)
			CreateAndSetChildDomain (1ms)
		EndReloadAssembly (554ms)
			LoadAssemblies (100ms)
			RebuildTransferFunctionScriptingTraits (0ms)
			SetupTypeCache (141ms)
			ReleaseScriptCaches (0ms)
			RebuildScriptCaches (35ms)
			SetupLoadedEditorAssemblies (315ms)
				LogAssemblyErrors (0ms)
				InitializePlatformSupportModulesInManaged (9ms)
				SetLoadedEditorAssemblies (0ms)
				RefreshPlugins (56ms)
				BeforeProcessingInitializeOnLoad (1ms)
				ProcessInitializeOnLoadAttributes (180ms)
				ProcessInitializeOnLoadMethodAttributes (68ms)
				AfterProcessingInitializeOnLoad (0ms)
				EditorAssembliesLoaded (0ms)
			ExecutionOrderSort2 (0ms)
			AwakeInstancesAfterBackupRestoration (0ms)
Platform modules already initialized, skipping
Registering precompiled user dll's ...
Registered in 0.008933 seconds.
Begin MonoManager ReloadAssembly
Native extension for WindowsStandalone target not found
Refreshing native plugins compatible for Editor in 62.78 ms, found 3 plugins.
Preloading 0 native plugins for Editor in 0.00 ms.
Mono: successfully reloaded assembly
- Completed reload, in  1.345 seconds
Domain Reload Profiling:
	ReloadAssembly (1346ms)
		BeginReloadAssembly (146ms)
			ExecutionOrderSort (0ms)
			DisableScriptedObjects (8ms)
			BackupInstance (0ms)
			ReleaseScriptingObjects (0ms)
			CreateAndSetChildDomain (24ms)
		EndReloadAssembly (1049ms)
			LoadAssemblies (107ms)
			RebuildTransferFunctionScriptingTraits (0ms)
			SetupTypeCache (283ms)
			ReleaseScriptCaches (1ms)
			RebuildScriptCaches (72ms)
			SetupLoadedEditorAssemblies (525ms)
				LogAssemblyErrors (0ms)
				InitializePlatformSupportModulesInManaged (5ms)
				SetLoadedEditorAssemblies (0ms)
				RefreshPlugins (63ms)
				BeforeProcessingInitializeOnLoad (89ms)
				ProcessInitializeOnLoadAttributes (303ms)
				ProcessInitializeOnLoadMethodAttributes (53ms)
				AfterProcessingInitializeOnLoad (11ms)
				EditorAssembliesLoaded (0ms)
			ExecutionOrderSort2 (0ms)
			AwakeInstancesAfterBackupRestoration (7ms)
Platform modules already initialized, skipping
========================================================================
Worker process is ready to serve import requests
Launched and connected shader compiler UnityShaderCompiler.exe after 0.10 seconds
Refreshing native plugins compatible for Editor in 0.67 ms, found 3 plugins.
Preloading 0 native plugins for Editor in 0.00 ms.
Unloading 2553 Unused Serialized files (Serialized files now loaded: 0)
Unloading 32 unused Assets / (30.2 KB). Loaded Objects now: 3018.
Memory consumption went from 113.9 MB to 113.9 MB.
Total: 3.951000 ms (FindLiveObjects: 0.273000 ms CreateObjectMapping: 0.189900 ms MarkObjects: 3.456300 ms  DeleteObjects: 0.030600 ms)

AssetImportParameters requested are different than current active one (requested -> active):
  custom:video-decoder-ogg-theora: a1e56fd34408186e4bbccfd4996cb3dc -> 
  custom:container-muxer-webm: aa71ff27fc2769a1b78a27578f13a17b -> 
  custom:container-demuxer-webm: 4f35f7cbe854078d1ac9338744f61a02 -> 
  custom:video-encoder-webm-vp8: eb34c28f22e8b96e1ab97ce403110664 -> 
  custom:audio-encoder-webm-vorbis: bf7c407c2cedff20999df2af8eb42d56 -> 
  custom:framework-win-MediaFoundation: 216162199b28c13a410421893ffa2e32 -> 
  custom:container-demuxer-ogg: 62fdf1f143b41e24485cea50d1cbac27 -> 
  custom:video-decoder-webm-vp8: 9c59270c3fd7afecdb556c50c9e8de78 -> 
  custom:audio-decoder-ogg-vorbis: bf7c407c2cedff20999df2af8eb42d56 -> 
========================================================================
Received Import Request.
  Time since last request: 40794.009188 seconds.
  path: Assets/Sprites/World/Cave_Ceiling.png
  artifactKey: Guid(c4890626e1d3f2b4a960b89061c9ebb6) Importer(815301076,1909f56bfc062723c751e8b465ee728b)
Start importing Assets/Sprites/World/Cave_Ceiling.png using Guid(c4890626e1d3f2b4a960b89061c9ebb6) Importer(815301076,1909f56bfc062723c751e8b465ee728b)  -> (artifact id: '4bd77d66f592fd49c1af89a50b7f5adb') in 0.182717 seconds 
========================================================================
Received Import Request.
  Time since last request: 11.551711 seconds.
  path: Assets/Sprites/World/Cave_Ceiling.png
  artifactKey: Guid(c4890626e1d3f2b4a960b89061c9ebb6) Importer(815301076,1909f56bfc062723c751e8b465ee728b)
Start importing Assets/Sprites/World/Cave_Ceiling.png using Guid(c4890626e1d3f2b4a960b89061c9ebb6) Importer(815301076,1909f56bfc062723c751e8b465ee728b)  -> (artifact id: 'eb098f811cc4865d137e167da8fb277f') in 0.022453 seconds 
========================================================================
Received Import Request.
  Time since last request: 70.283960 seconds.
  path: Assets/Sprites/World/Cave_Ceiling.png
  artifactKey: Guid(c4890626e1d3f2b4a960b89061c9ebb6) Importer(815301076,1909f56bfc062723c751e8b465ee728b)
Start importing Assets/Sprites/World/Cave_Ceiling.png using Guid(c4890626e1d3f2b4a960b89061c9ebb6) Importer(815301076,1909f56bfc062723c751e8b465ee728b)  -> (artifact id: '130121ba89bb178e2e6ba29cb3f91e16') in 0.044975 seconds 
========================================================================
Received Import Request.
  Time since last request: 22.339756 seconds.
  path: Assets/Tile Palettes/Cave.prefab
  artifactKey: Guid(db04e62585402d64180594eb63c0904c) Importer(815301076,1909f56bfc062723c751e8b465ee728b)
Start importing Assets/Tile Palettes/Cave.prefab using Guid(db04e62585402d64180594eb63c0904c) Importer(815301076,1909f56bfc062723c751e8b465ee728b)  -> (artifact id: '5c05851a42f2afa9f6e0ed30e84fc4b9') in 0.065835 seconds 
========================================================================
Received Import Request.
  Time since last request: 10.172304 seconds.
  path: Assets/Tile Palettes/Cave.prefab
  artifactKey: Guid(db04e62585402d64180594eb63c0904c) Importer(815301076,1909f56bfc062723c751e8b465ee728b)
Start importing Assets/Tile Palettes/Cave.prefab using Guid(db04e62585402d64180594eb63c0904c) Importer(815301076,1909f56bfc062723c751e8b465ee728b)  -> (artifact id: 'd2d00fa975c49193f01a035e90095dd5') in 0.018278 seconds 
========================================================================
Received Import Request.
  Time since last request: 19.952929 seconds.
  path: Assets/Tile Palettes/Cave.prefab
  artifactKey: Guid(db04e62585402d64180594eb63c0904c) Importer(815301076,1909f56bfc062723c751e8b465ee728b)
Start importing Assets/Tile Palettes/Cave.prefab using Guid(db04e62585402d64180594eb63c0904c) Importer(815301076,1909f56bfc062723c751e8b465ee728b)  -> (artifact id: 'cf7fda846bee2a8a1ccd8e3b572af488') in 0.020072 seconds 
========================================================================
Received Import Request.
  Time since last request: 0.000023 seconds.
  path: Assets/Sprites/World/Cave_Ceiling_bl.asset
  artifactKey: Guid(a0d700abb1007244695f89fe871514a1) Importer(815301076,1909f56bfc062723c751e8b465ee728b)
Start importing Assets/Sprites/World/Cave_Ceiling_bl.asset using Guid(a0d700abb1007244695f89fe871514a1) Importer(815301076,1909f56bfc062723c751e8b465ee728b)  -> (artifact id: '4f6456ec1eb34879a835df8be4c590e0') in 0.010064 seconds 
========================================================================
Received Import Request.
  Time since last request: 46.154071 seconds.
  path: Assets/Tile Palettes/Cave.prefab
  artifactKey: Guid(db04e62585402d64180594eb63c0904c) Importer(815301076,1909f56bfc062723c751e8b465ee728b)
Start importing Assets/Tile Palettes/Cave.prefab using Guid(db04e62585402d64180594eb63c0904c) Importer(815301076,1909f56bfc062723c751e8b465ee728b)  -> (artifact id: '8c08d5c0a59cb03270b9320d3086e96b') in 0.020587 seconds 
========================================================================
Received Import Request.
  Time since last request: 56.759250 seconds.
  path: Assets/Gamedata/CustomTiles/Cave/CaveCeiling.asset
  artifactKey: Guid(326d44f5dfc1a9e4ca4ce9d08b0b0a9a) Importer(815301076,1909f56bfc062723c751e8b465ee728b)
Start importing Assets/Gamedata/CustomTiles/Cave/CaveCeiling.asset using Guid(326d44f5dfc1a9e4ca4ce9d08b0b0a9a) Importer(815301076,1909f56bfc062723c751e8b465ee728b)  -> (artifact id: 'eaf712e9c1a167af201eea8c21dc1ac4') in 0.007318 seconds 
========================================================================
Received Import Request.
  Time since last request: 264.417232 seconds.
  path: Assets/Sprites/World/Cave_Ceiling.png
  artifactKey: Guid(c4890626e1d3f2b4a960b89061c9ebb6) Importer(815301076,1909f56bfc062723c751e8b465ee728b)
Start importing Assets/Sprites/World/Cave_Ceiling.png using Guid(c4890626e1d3f2b4a960b89061c9ebb6) Importer(815301076,1909f56bfc062723c751e8b465ee728b)  -> (artifact id: '6c5be24e0878bee9ef00e1a888fc7f09') in 0.036342 seconds 
========================================================================
Received Import Request.
  Time since last request: 848.577316 seconds.
  path: Assets/Sprites/World/Cave_Entrance.png
  artifactKey: Guid(77ad1db05ca5fb547a5d2118081f5349) Importer(815301076,1909f56bfc062723c751e8b465ee728b)
Start importing Assets/Sprites/World/Cave_Entrance.png using Guid(77ad1db05ca5fb547a5d2118081f5349) Importer(815301076,1909f56bfc062723c751e8b465ee728b)  -> (artifact id: '5fded573292acfce8f15346d14f1f6e3') in 0.264109 seconds 
========================================================================
Received Import Request.
  Time since last request: 71.852007 seconds.
  path: Assets/Sprites/World/Cave_Entrance.png
  artifactKey: Guid(77ad1db05ca5fb547a5d2118081f5349) Importer(815301076,1909f56bfc062723c751e8b465ee728b)
Start importing Assets/Sprites/World/Cave_Entrance.png using Guid(77ad1db05ca5fb547a5d2118081f5349) Importer(815301076,1909f56bfc062723c751e8b465ee728b)  -> (artifact id: '70e56b821e76970d3e3d1a2eba7fc24a') in 0.015203 seconds 
========================================================================
Received Import Request.
  Time since last request: 10.158221 seconds.
  path: Assets/Sprites/World/Cave_Entrance.png
  artifactKey: Guid(77ad1db05ca5fb547a5d2118081f5349) Importer(815301076,1909f56bfc062723c751e8b465ee728b)
Start importing Assets/Sprites/World/Cave_Entrance.png using Guid(77ad1db05ca5fb547a5d2118081f5349) Importer(815301076,1909f56bfc062723c751e8b465ee728b)  -> (artifact id: 'eaae99b3556dfaaf86fc32597f99ce39') in 0.041272 seconds 
========================================================================
Received Import Request.
  Time since last request: 182.422318 seconds.
  path: Assets/Gamedata/CustomTiles/Cave/CaveEntrance01.asset
  artifactKey: Guid(6d47bd007e0cced44a8518f0f07ab835) Importer(815301076,1909f56bfc062723c751e8b465ee728b)
Start importing Assets/Gamedata/CustomTiles/Cave/CaveEntrance01.asset using Guid(6d47bd007e0cced44a8518f0f07ab835) Importer(815301076,1909f56bfc062723c751e8b465ee728b)  -> (artifact id: 'd5fab6d6615d03255d0a34202d95d668') in 0.010619 seconds 
========================================================================
Received Import Request.
  Time since last request: 48.906035 seconds.
  path: Assets/Tile Palettes/Cave.prefab
  artifactKey: Guid(db04e62585402d64180594eb63c0904c) Importer(815301076,1909f56bfc062723c751e8b465ee728b)
Start importing Assets/Tile Palettes/Cave.prefab using Guid(db04e62585402d64180594eb63c0904c) Importer(815301076,1909f56bfc062723c751e8b465ee728b)  -> (artifact id: '9a4b1dbe32668e512443564576c4a088') in 0.026626 seconds 
========================================================================
Received Import Request.
  Time since last request: 8.683007 seconds.
  path: Assets/Tile Palettes/Cave.prefab
  artifactKey: Guid(db04e62585402d64180594eb63c0904c) Importer(815301076,1909f56bfc062723c751e8b465ee728b)
Start importing Assets/Tile Palettes/Cave.prefab using Guid(db04e62585402d64180594eb63c0904c) Importer(815301076,1909f56bfc062723c751e8b465ee728b)  -> (artifact id: 'cb6ab99cfe9ad32753d8b0b939cad46d') in 0.038576 seconds 
========================================================================
Received Import Request.
  Time since last request: 196.895461 seconds.
  path: Assets/Tile Palettes/Cave.prefab
  artifactKey: Guid(db04e62585402d64180594eb63c0904c) Importer(815301076,1909f56bfc062723c751e8b465ee728b)
Start importing Assets/Tile Palettes/Cave.prefab using Guid(db04e62585402d64180594eb63c0904c) Importer(815301076,1909f56bfc062723c751e8b465ee728b)  -> (artifact id: '82396c280192088ce37ed51e56497234') in 0.034418 seconds 
========================================================================
Received Import Request.
  Time since last request: 28.333213 seconds.
  path: Assets/Tile Palettes/Cave.prefab
  artifactKey: Guid(db04e62585402d64180594eb63c0904c) Importer(815301076,1909f56bfc062723c751e8b465ee728b)
Start importing Assets/Tile Palettes/Cave.prefab using Guid(db04e62585402d64180594eb63c0904c) Importer(815301076,1909f56bfc062723c751e8b465ee728b)  -> (artifact id: '014e1b1ad58c851329b5dba46b8b1c67') in 0.015451 seconds 
========================================================================
Received Import Request.
  Time since last request: 0.000028 seconds.
  path: Assets/Sprites/World/Cave_Entrance_0.asset
  artifactKey: Guid(d7e2e90b8f500ea41a46ca9aab24d31c) Importer(815301076,1909f56bfc062723c751e8b465ee728b)
Start importing Assets/Sprites/World/Cave_Entrance_0.asset using Guid(d7e2e90b8f500ea41a46ca9aab24d31c) Importer(815301076,1909f56bfc062723c751e8b465ee728b)  -> (artifact id: 'd84b12eba0b00c4450f6a2028c7bc964') in 0.006788 seconds 
========================================================================
Received Import Request.
  Time since last request: 7.944877 seconds.
  path: Assets/Tile Palettes/Cave.prefab
  artifactKey: Guid(db04e62585402d64180594eb63c0904c) Importer(815301076,1909f56bfc062723c751e8b465ee728b)
Start importing Assets/Tile Palettes/Cave.prefab using Guid(db04e62585402d64180594eb63c0904c) Importer(815301076,1909f56bfc062723c751e8b465ee728b)  -> (artifact id: '9f1acb4f0665c0dee76c56400be74377') in 0.023173 seconds 
========================================================================
Received Import Request.
  Time since last request: 0.000022 seconds.
  path: Assets/Sprites/World/Cave_Entrance_1.asset
  artifactKey: Guid(786e17257236a994ab0a43a469866644) Importer(815301076,1909f56bfc062723c751e8b465ee728b)
Start importing Assets/Sprites/World/Cave_Entrance_1.asset using Guid(786e17257236a994ab0a43a469866644) Importer(815301076,1909f56bfc062723c751e8b465ee728b)  -> (artifact id: '0921d4b5972706ab06325b6d60920880') in 0.011987 seconds 
========================================================================
Received Import Request.
  Time since last request: 3.855557 seconds.
  path: Assets/Tile Palettes/Cave.prefab
  artifactKey: Guid(db04e62585402d64180594eb63c0904c) Importer(815301076,1909f56bfc062723c751e8b465ee728b)
Start importing Assets/Tile Palettes/Cave.prefab using Guid(db04e62585402d64180594eb63c0904c) Importer(815301076,1909f56bfc062723c751e8b465ee728b)  -> (artifact id: '08b89dd6789bd760048ae4d2f61d332c') in 0.022186 seconds 
========================================================================
Received Import Request.
  Time since last request: 0.000023 seconds.
  path: Assets/Sprites/World/Cave_Entrance_2.asset
  artifactKey: Guid(084c4e5dc6952f94890f2d82593f2d14) Importer(815301076,1909f56bfc062723c751e8b465ee728b)
Start importing Assets/Sprites/World/Cave_Entrance_2.asset using Guid(084c4e5dc6952f94890f2d82593f2d14) Importer(815301076,1909f56bfc062723c751e8b465ee728b)  -> (artifact id: '9fcc5963f21178ef08b10e11cf6973fa') in 0.007676 seconds 
========================================================================
Received Import Request.
  Time since last request: 2.977859 seconds.
  path: Assets/Tile Palettes/Cave.prefab
  artifactKey: Guid(db04e62585402d64180594eb63c0904c) Importer(815301076,1909f56bfc062723c751e8b465ee728b)
Start importing Assets/Tile Palettes/Cave.prefab using Guid(db04e62585402d64180594eb63c0904c) Importer(815301076,1909f56bfc062723c751e8b465ee728b)  -> (artifact id: 'c41c32aaff500a31e96a94f7201387f8') in 0.019337 seconds 
========================================================================
Received Import Request.
  Time since last request: 0.000025 seconds.
  path: Assets/Sprites/World/Cave_Entrance_3.asset
  artifactKey: Guid(b861ba9366c94f442a3d584e98189da7) Importer(815301076,1909f56bfc062723c751e8b465ee728b)
Start importing Assets/Sprites/World/Cave_Entrance_3.asset using Guid(b861ba9366c94f442a3d584e98189da7) Importer(815301076,1909f56bfc062723c751e8b465ee728b)  -> (artifact id: 'c8445245764b4b8f85fa530b7ab79b90') in 0.013762 seconds 
========================================================================
Received Import Request.
  Time since last request: 3.393786 seconds.
  path: Assets/Tile Palettes/Cave.prefab
  artifactKey: Guid(db04e62585402d64180594eb63c0904c) Importer(815301076,1909f56bfc062723c751e8b465ee728b)
Start importing Assets/Tile Palettes/Cave.prefab using Guid(db04e62585402d64180594eb63c0904c) Importer(815301076,1909f56bfc062723c751e8b465ee728b)  -> (artifact id: '46e8dcd424a8b152ecd2bb2fd1c7daad') in 0.022298 seconds 
========================================================================
Received Import Request.
  Time since last request: 0.000054 seconds.
  path: Assets/Sprites/World/Cave_Entrance_4.asset
  artifactKey: Guid(4c6b3fd8621bac841880430992415ecf) Importer(815301076,1909f56bfc062723c751e8b465ee728b)
Start importing Assets/Sprites/World/Cave_Entrance_4.asset using Guid(4c6b3fd8621bac841880430992415ecf) Importer(815301076,1909f56bfc062723c751e8b465ee728b)  -> (artifact id: '5cec0f98c8dd28bb1d26dc3dd93706bf') in 0.012043 seconds 
========================================================================
Received Import Request.
  Time since last request: 3.620083 seconds.
  path: Assets/Tile Palettes/Cave.prefab
  artifactKey: Guid(db04e62585402d64180594eb63c0904c) Importer(815301076,1909f56bfc062723c751e8b465ee728b)
Start importing Assets/Tile Palettes/Cave.prefab using Guid(db04e62585402d64180594eb63c0904c) Importer(815301076,1909f56bfc062723c751e8b465ee728b)  -> (artifact id: 'e12d7232a930d1cee9730298972787f0') in 0.025929 seconds 
========================================================================
Received Import Request.
  Time since last request: 0.000024 seconds.
  path: Assets/Sprites/World/Cave_Entrance_5.asset
  artifactKey: Guid(71f92c6b987210742bbe6538ab476c7f) Importer(815301076,1909f56bfc062723c751e8b465ee728b)
Start importing Assets/Sprites/World/Cave_Entrance_5.asset using Guid(71f92c6b987210742bbe6538ab476c7f) Importer(815301076,1909f56bfc062723c751e8b465ee728b)  -> (artifact id: 'd1193e88e5a4a84e906877d8159bd956') in 0.011414 seconds 
========================================================================
Received Import Request.
  Time since last request: 224.703766 seconds.
  path: Assets/Sprites/World/Cave_Stairs_01.png
  artifactKey: Guid(6161ba4d743527048a1222bfa8d37a67) Importer(815301076,1909f56bfc062723c751e8b465ee728b)
Start importing Assets/Sprites/World/Cave_Stairs_01.png using Guid(6161ba4d743527048a1222bfa8d37a67) Importer(815301076,1909f56bfc062723c751e8b465ee728b)  -> (artifact id: 'e5b50c7a09e20564a9ae75625a43948e') in 0.019295 seconds 
========================================================================
Received Import Request.
  Time since last request: 14.592968 seconds.
  path: Assets/Sprites/World/Cave_Stairs_01.png
  artifactKey: Guid(6161ba4d743527048a1222bfa8d37a67) Importer(815301076,1909f56bfc062723c751e8b465ee728b)
Start importing Assets/Sprites/World/Cave_Stairs_01.png using Guid(6161ba4d743527048a1222bfa8d37a67) Importer(815301076,1909f56bfc062723c751e8b465ee728b)  -> (artifact id: 'aaf6bb4efa3587357218445876307366') in 0.008866 seconds 
========================================================================
Received Import Request.
  Time since last request: 11.394931 seconds.
  path: Assets/Sprites/World/Cave_Stairs_01.png
  artifactKey: Guid(6161ba4d743527048a1222bfa8d37a67) Importer(815301076,1909f56bfc062723c751e8b465ee728b)
Start importing Assets/Sprites/World/Cave_Stairs_01.png using Guid(6161ba4d743527048a1222bfa8d37a67) Importer(815301076,1909f56bfc062723c751e8b465ee728b)  -> (artifact id: '41ca861a2325f05186c26eaf528800b9') in 0.014907 seconds 
========================================================================
Received Import Request.
  Time since last request: 9.668079 seconds.
  path: Assets/Sprites/World/Cave_Stairs_02.png
  artifactKey: Guid(1aa7e602cd1171042ba2d0152e101b67) Importer(815301076,1909f56bfc062723c751e8b465ee728b)
Start importing Assets/Sprites/World/Cave_Stairs_02.png using Guid(1aa7e602cd1171042ba2d0152e101b67) Importer(815301076,1909f56bfc062723c751e8b465ee728b)  -> (artifact id: '88685707db86440f10d0c19f62e53a6d') in 0.114879 seconds 
========================================================================
Received Import Request.
  Time since last request: 21.424566 seconds.
  path: Assets/Sprites/World/Cave_Stairs_02.png
  artifactKey: Guid(1aa7e602cd1171042ba2d0152e101b67) Importer(815301076,1909f56bfc062723c751e8b465ee728b)
Start importing Assets/Sprites/World/Cave_Stairs_02.png using Guid(1aa7e602cd1171042ba2d0152e101b67) Importer(815301076,1909f56bfc062723c751e8b465ee728b)  -> (artifact id: '9435e201336574077a7ba8041f41dfe9') in 0.012229 seconds 
========================================================================
Received Import Request.
  Time since last request: 10.418479 seconds.
  path: Assets/Sprites/World/Cave_Stairs_02.png
  artifactKey: Guid(1aa7e602cd1171042ba2d0152e101b67) Importer(815301076,1909f56bfc062723c751e8b465ee728b)
Start importing Assets/Sprites/World/Cave_Stairs_02.png using Guid(1aa7e602cd1171042ba2d0152e101b67) Importer(815301076,1909f56bfc062723c751e8b465ee728b)  -> (artifact id: 'ee92c955d85fe0c1a218a4c65e493f66') in 0.025431 seconds 
========================================================================
Received Import Request.
  Time since last request: 8.068062 seconds.
  path: Assets/Sprites/World/CaveCliffs_01.png
  artifactKey: Guid(323683e86fdee6743a0fde4d83b70aa9) Importer(815301076,1909f56bfc062723c751e8b465ee728b)
Start importing Assets/Sprites/World/CaveCliffs_01.png using Guid(323683e86fdee6743a0fde4d83b70aa9) Importer(815301076,1909f56bfc062723c751e8b465ee728b)  -> (artifact id: '3b8cb59c60b6b6d1094f444be125a443') in 0.120982 seconds 
========================================================================
Received Import Request.
  Time since last request: 15.040477 seconds.
  path: Assets/Sprites/World/CaveCliffs_01.png
  artifactKey: Guid(323683e86fdee6743a0fde4d83b70aa9) Importer(815301076,1909f56bfc062723c751e8b465ee728b)
Start importing Assets/Sprites/World/CaveCliffs_01.png using Guid(323683e86fdee6743a0fde4d83b70aa9) Importer(815301076,1909f56bfc062723c751e8b465ee728b)  -> (artifact id: '4c612e501dc6139c331aebab3dcb3e30') in 0.056811 seconds 
========================================================================
Received Import Request.
  Time since last request: 13.290266 seconds.
  path: Assets/Sprites/World/CaveCliffs_01.png
  artifactKey: Guid(323683e86fdee6743a0fde4d83b70aa9) Importer(815301076,1909f56bfc062723c751e8b465ee728b)
Start importing Assets/Sprites/World/CaveCliffs_01.png using Guid(323683e86fdee6743a0fde4d83b70aa9) Importer(815301076,1909f56bfc062723c751e8b465ee728b)  -> (artifact id: '283fc23ed5a0951f5886f967d0d740b1') in 0.136180 seconds 
========================================================================
Received Import Request.
  Time since last request: 9.390304 seconds.
  path: Assets/Sprites/World/CaveCliffs_02.png
  artifactKey: Guid(0fea70a3b3b7d964f8a34e65f56c622f) Importer(815301076,1909f56bfc062723c751e8b465ee728b)
Start importing Assets/Sprites/World/CaveCliffs_02.png using Guid(0fea70a3b3b7d964f8a34e65f56c622f) Importer(815301076,1909f56bfc062723c751e8b465ee728b)  -> (artifact id: '7602fc2ee7961e3bb74333999679d61c') in 0.047959 seconds 
========================================================================
Received Import Request.
  Time since last request: 7.882478 seconds.
  path: Assets/Sprites/World/CaveCliffs_02.png
  artifactKey: Guid(0fea70a3b3b7d964f8a34e65f56c622f) Importer(815301076,1909f56bfc062723c751e8b465ee728b)
Start importing Assets/Sprites/World/CaveCliffs_02.png using Guid(0fea70a3b3b7d964f8a34e65f56c622f) Importer(815301076,1909f56bfc062723c751e8b465ee728b)  -> (artifact id: '33db12b23572d4f0cf7e5bec8e18d810') in 0.093809 seconds 
========================================================================
Received Import Request.
  Time since last request: 29.467916 seconds.
  path: Assets/Sprites/World/CaveCliffs_02.png
  artifactKey: Guid(0fea70a3b3b7d964f8a34e65f56c622f) Importer(815301076,1909f56bfc062723c751e8b465ee728b)
Start importing Assets/Sprites/World/CaveCliffs_02.png using Guid(0fea70a3b3b7d964f8a34e65f56c622f) Importer(815301076,1909f56bfc062723c751e8b465ee728b)  -> (artifact id: 'e546ebcb02d44554e476bb0f271218ea') in 0.111871 seconds 
========================================================================
Received Import Request.
  Time since last request: 22.826722 seconds.
  path: Assets/Sprites/World/CaveDirt.png
  artifactKey: Guid(a755139da64e67441a0d52b460d7cdf5) Importer(815301076,1909f56bfc062723c751e8b465ee728b)
Start importing Assets/Sprites/World/CaveDirt.png using Guid(a755139da64e67441a0d52b460d7cdf5) Importer(815301076,1909f56bfc062723c751e8b465ee728b)  -> (artifact id: 'fc3ccd90c6bc27879343d415aaef86dc') in 0.018276 seconds 
========================================================================
Received Import Request.
  Time since last request: 7.866223 seconds.
  path: Assets/Sprites/World/CaveDirt.png
  artifactKey: Guid(a755139da64e67441a0d52b460d7cdf5) Importer(815301076,1909f56bfc062723c751e8b465ee728b)
Start importing Assets/Sprites/World/CaveDirt.png using Guid(a755139da64e67441a0d52b460d7cdf5) Importer(815301076,1909f56bfc062723c751e8b465ee728b)  -> (artifact id: '78913bfde34e2c522e5cc080f2854ae9') in 0.106492 seconds 
========================================================================
Received Import Request.
  Time since last request: 5.370868 seconds.
  path: Assets/Sprites/World/CaveDirt_To_Lava_lm.png
  artifactKey: Guid(faaeccb21eae76146b834855108a4d46) Importer(815301076,1909f56bfc062723c751e8b465ee728b)
Start importing Assets/Sprites/World/CaveDirt_To_Lava_lm.png using Guid(faaeccb21eae76146b834855108a4d46) Importer(815301076,1909f56bfc062723c751e8b465ee728b)  -> (artifact id: 'f727bcc55e833667a2c6248e68918155') in 0.016314 seconds 
========================================================================
Received Import Request.
  Time since last request: 6.536986 seconds.
  path: Assets/Sprites/World/CaveDirt_To_Lava_lm.png
  artifactKey: Guid(faaeccb21eae76146b834855108a4d46) Importer(815301076,1909f56bfc062723c751e8b465ee728b)
Start importing Assets/Sprites/World/CaveDirt_To_Lava_lm.png using Guid(faaeccb21eae76146b834855108a4d46) Importer(815301076,1909f56bfc062723c751e8b465ee728b)  -> (artifact id: '350ca1095c7475f45ee2a987f22883b5') in 0.092717 seconds 
========================================================================
Received Import Request.
  Time since last request: 8.439583 seconds.
  path: Assets/Sprites/World/CaveDirt_To_Lava_ml.png
  artifactKey: Guid(f07de1daaa956ee489c71e885a5b6f23) Importer(815301076,1909f56bfc062723c751e8b465ee728b)
Start importing Assets/Sprites/World/CaveDirt_To_Lava_ml.png using Guid(f07de1daaa956ee489c71e885a5b6f23) Importer(815301076,1909f56bfc062723c751e8b465ee728b)  -> (artifact id: '6c207f848240af852596e80fea8b9b99') in 0.016484 seconds 
========================================================================
Received Import Request.
  Time since last request: 9.330762 seconds.
  path: Assets/Sprites/World/CaveDirt_To_Lava_ml.png
  artifactKey: Guid(f07de1daaa956ee489c71e885a5b6f23) Importer(815301076,1909f56bfc062723c751e8b465ee728b)
Start importing Assets/Sprites/World/CaveDirt_To_Lava_ml.png using Guid(f07de1daaa956ee489c71e885a5b6f23) Importer(815301076,1909f56bfc062723c751e8b465ee728b)  -> (artifact id: '3255c072279d4f8ac17581cbf85429ae') in 0.087249 seconds 
========================================================================
Received Import Request.
  Time since last request: 5.692933 seconds.
  path: Assets/Sprites/World/CaveDirt_To_Lava_mr.png
  artifactKey: Guid(e596d057e30a1c849b220b6c550c967c) Importer(815301076,1909f56bfc062723c751e8b465ee728b)
Start importing Assets/Sprites/World/CaveDirt_To_Lava_mr.png using Guid(e596d057e30a1c849b220b6c550c967c) Importer(815301076,1909f56bfc062723c751e8b465ee728b)  -> (artifact id: '715a7bf125a4126750712d7971ae1a41') in 0.018975 seconds 
========================================================================
Received Import Request.
  Time since last request: 5.321671 seconds.
  path: Assets/Sprites/World/CaveDirt_To_Lava_mr.png
  artifactKey: Guid(e596d057e30a1c849b220b6c550c967c) Importer(815301076,1909f56bfc062723c751e8b465ee728b)
Start importing Assets/Sprites/World/CaveDirt_To_Lava_mr.png using Guid(e596d057e30a1c849b220b6c550c967c) Importer(815301076,1909f56bfc062723c751e8b465ee728b)  -> (artifact id: 'b72a0204e2c630023f84067fb111d74f') in 0.081703 seconds 
========================================================================
Received Import Request.
  Time since last request: 11.203341 seconds.
  path: Assets/Sprites/World/CaveDirt_To_Lava_um.png
  artifactKey: Guid(c016074b729b37d479449ffc7b2f9a62) Importer(815301076,1909f56bfc062723c751e8b465ee728b)
Start importing Assets/Sprites/World/CaveDirt_To_Lava_um.png using Guid(c016074b729b37d479449ffc7b2f9a62) Importer(815301076,1909f56bfc062723c751e8b465ee728b)  -> (artifact id: 'f4466a98e655a4f4b5ad0a95b2133696') in 0.017343 seconds 
========================================================================
Received Import Request.
  Time since last request: 5.361787 seconds.
  path: Assets/Sprites/World/CaveDirt_To_Lava_um.png
  artifactKey: Guid(c016074b729b37d479449ffc7b2f9a62) Importer(815301076,1909f56bfc062723c751e8b465ee728b)
Start importing Assets/Sprites/World/CaveDirt_To_Lava_um.png using Guid(c016074b729b37d479449ffc7b2f9a62) Importer(815301076,1909f56bfc062723c751e8b465ee728b)  -> (artifact id: 'fef0cf266decc61ab70c8ea7d7e20671') in 0.077484 seconds 
========================================================================
Received Import Request.
  Time since last request: 7.279690 seconds.
  path: Assets/Sprites/World/CaveRock_01.png
  artifactKey: Guid(b6748795450f2f54aaa9dbe0da4abb0b) Importer(815301076,1909f56bfc062723c751e8b465ee728b)
Start importing Assets/Sprites/World/CaveRock_01.png using Guid(b6748795450f2f54aaa9dbe0da4abb0b) Importer(815301076,1909f56bfc062723c751e8b465ee728b)  -> (artifact id: 'f9dd2ce9a474ea234f99b1f01a4af27d') in 0.018134 seconds 
========================================================================
Received Import Request.
  Time since last request: 4.861576 seconds.
  path: Assets/Sprites/World/CaveRock_01.png
  artifactKey: Guid(b6748795450f2f54aaa9dbe0da4abb0b) Importer(815301076,1909f56bfc062723c751e8b465ee728b)
Start importing Assets/Sprites/World/CaveRock_01.png using Guid(b6748795450f2f54aaa9dbe0da4abb0b) Importer(815301076,1909f56bfc062723c751e8b465ee728b)  -> (artifact id: '0adc4b2a31cefbf7eba7c7665f04aee3') in 0.087330 seconds 
========================================================================
Received Import Request.
  Time since last request: 6.912995 seconds.
  path: Assets/Sprites/World/CaveRock_02.png
  artifactKey: Guid(df995b33e86587c4b821955a233e5fcc) Importer(815301076,1909f56bfc062723c751e8b465ee728b)
Start importing Assets/Sprites/World/CaveRock_02.png using Guid(df995b33e86587c4b821955a233e5fcc) Importer(815301076,1909f56bfc062723c751e8b465ee728b)  -> (artifact id: 'fc73260ccbaa90de9efaaf70364d124f') in 0.059369 seconds 
========================================================================
Received Import Request.
  Time since last request: 6.039709 seconds.
  path: Assets/Sprites/World/CaveRock_02.png
  artifactKey: Guid(df995b33e86587c4b821955a233e5fcc) Importer(815301076,1909f56bfc062723c751e8b465ee728b)
Start importing Assets/Sprites/World/CaveRock_02.png using Guid(df995b33e86587c4b821955a233e5fcc) Importer(815301076,1909f56bfc062723c751e8b465ee728b)  -> (artifact id: 'e3d00a065f9c6153aa615086b7c31a34') in 0.047044 seconds 
========================================================================
Received Import Request.
  Time since last request: 5.097481 seconds.
  path: Assets/Sprites/World/CaveRock_03.png
  artifactKey: Guid(835fd180e8a92b948b80b0a9865d8279) Importer(815301076,1909f56bfc062723c751e8b465ee728b)
Start importing Assets/Sprites/World/CaveRock_03.png using Guid(835fd180e8a92b948b80b0a9865d8279) Importer(815301076,1909f56bfc062723c751e8b465ee728b)  -> (artifact id: '82c368335579831a99135c6f5abc39c2') in 0.034923 seconds 
========================================================================
Received Import Request.
  Time since last request: 5.557209 seconds.
  path: Assets/Sprites/World/CaveRock_03.png
  artifactKey: Guid(835fd180e8a92b948b80b0a9865d8279) Importer(815301076,1909f56bfc062723c751e8b465ee728b)
Start importing Assets/Sprites/World/CaveRock_03.png using Guid(835fd180e8a92b948b80b0a9865d8279) Importer(815301076,1909f56bfc062723c751e8b465ee728b)  -> (artifact id: 'ed815f6a1003d30b16f5bc5f9bb990b5') in 0.278685 seconds 
========================================================================
Received Import Request.
  Time since last request: 15.355332 seconds.
  path: Assets/Tile Palettes/Cave.prefab
  artifactKey: Guid(db04e62585402d64180594eb63c0904c) Importer(815301076,1909f56bfc062723c751e8b465ee728b)
Start importing Assets/Tile Palettes/Cave.prefab using Guid(db04e62585402d64180594eb63c0904c) Importer(815301076,1909f56bfc062723c751e8b465ee728b)  -> (artifact id: '9b71827f0d4a7756a8888b2c90b59e1e') in 0.021196 seconds 
========================================================================
Received Import Request.
  Time since last request: 32.466784 seconds.
  path: Assets/Tile Palettes/Cave.prefab
  artifactKey: Guid(db04e62585402d64180594eb63c0904c) Importer(815301076,1909f56bfc062723c751e8b465ee728b)
Start importing Assets/Tile Palettes/Cave.prefab using Guid(db04e62585402d64180594eb63c0904c) Importer(815301076,1909f56bfc062723c751e8b465ee728b)  -> (artifact id: 'b59f7c3f87b427d1bd2955ca0f88f6cf') in 0.022587 seconds 
========================================================================
Received Import Request.
  Time since last request: 0.000021 seconds.
  path: Assets/Sprites/World/Cave_Stairs_01_0.asset
  artifactKey: Guid(848f2fbbc5caeda458c125068c478c31) Importer(815301076,1909f56bfc062723c751e8b465ee728b)
Start importing Assets/Sprites/World/Cave_Stairs_01_0.asset using Guid(848f2fbbc5caeda458c125068c478c31) Importer(815301076,1909f56bfc062723c751e8b465ee728b)  -> (artifact id: 'e0ad32288ea02eeb4df505ec2f71cca4') in 0.013799 seconds 
========================================================================
Received Import Request.
  Time since last request: 4.457825 seconds.
  path: Assets/Tile Palettes/Cave.prefab
  artifactKey: Guid(db04e62585402d64180594eb63c0904c) Importer(815301076,1909f56bfc062723c751e8b465ee728b)
Start importing Assets/Tile Palettes/Cave.prefab using Guid(db04e62585402d64180594eb63c0904c) Importer(815301076,1909f56bfc062723c751e8b465ee728b)  -> (artifact id: '05b90e25013675f1b6216c66909f6d03') in 0.024216 seconds 
========================================================================
Received Import Request.
  Time since last request: 0.000021 seconds.
  path: Assets/Sprites/World/Cave_Stairs_01_1.asset
  artifactKey: Guid(c0a7d05bbb4568e479ad9abf4bc9bd61) Importer(815301076,1909f56bfc062723c751e8b465ee728b)
Start importing Assets/Sprites/World/Cave_Stairs_01_1.asset using Guid(c0a7d05bbb4568e479ad9abf4bc9bd61) Importer(815301076,1909f56bfc062723c751e8b465ee728b)  -> (artifact id: '31210b914e437433a8d90dff495180cc') in 0.007651 seconds 
========================================================================
Received Import Request.
  Time since last request: 6.407669 seconds.
  path: Assets/Tile Palettes/Cave.prefab
  artifactKey: Guid(db04e62585402d64180594eb63c0904c) Importer(815301076,1909f56bfc062723c751e8b465ee728b)
Start importing Assets/Tile Palettes/Cave.prefab using Guid(db04e62585402d64180594eb63c0904c) Importer(815301076,1909f56bfc062723c751e8b465ee728b)  -> (artifact id: '4cf3a1cc5c4dbb7d68b481033c455be3') in 0.027676 seconds 
========================================================================
Received Import Request.
  Time since last request: 3.847240 seconds.
  path: Assets/Tile Palettes/Cave.prefab
  artifactKey: Guid(db04e62585402d64180594eb63c0904c) Importer(815301076,1909f56bfc062723c751e8b465ee728b)
Start importing Assets/Tile Palettes/Cave.prefab using Guid(db04e62585402d64180594eb63c0904c) Importer(815301076,1909f56bfc062723c751e8b465ee728b)  -> (artifact id: '112ff4621cc371aa1f4d62b287636e37') in 0.027105 seconds 
========================================================================
Received Import Request.
  Time since last request: 0.000034 seconds.
  path: Assets/Cave_Stairs_02_0.asset
  artifactKey: Guid(f5c8404b1a3e6f444bacfad2a1ece1fd) Importer(815301076,1909f56bfc062723c751e8b465ee728b)
Start importing Assets/Cave_Stairs_02_0.asset using Guid(f5c8404b1a3e6f444bacfad2a1ece1fd) Importer(815301076,1909f56bfc062723c751e8b465ee728b)  -> (artifact id: 'c2c9db00ec8a202d1aa67988d9feaf6e') in 0.008925 seconds 
========================================================================
Received Import Request.
  Time since last request: 2.637655 seconds.
  path: Assets/Tile Palettes/Cave.prefab
  artifactKey: Guid(db04e62585402d64180594eb63c0904c) Importer(815301076,1909f56bfc062723c751e8b465ee728b)
Start importing Assets/Tile Palettes/Cave.prefab using Guid(db04e62585402d64180594eb63c0904c) Importer(815301076,1909f56bfc062723c751e8b465ee728b)  -> (artifact id: '9aa31ac6eb2f1b0ef582bbfe6acbf30c') in 0.031920 seconds 
========================================================================
Received Import Request.
  Time since last request: 0.000024 seconds.
  path: Assets/Cave_Stairs_02_1.asset
  artifactKey: Guid(09bc759a52dd9864aa259685ecf898ed) Importer(815301076,1909f56bfc062723c751e8b465ee728b)
Start importing Assets/Cave_Stairs_02_1.asset using Guid(09bc759a52dd9864aa259685ecf898ed) Importer(815301076,1909f56bfc062723c751e8b465ee728b)  -> (artifact id: '647daf92692da8be82627d55696747b8') in 0.008672 seconds 
========================================================================
Received Import Request.
  Time since last request: 14.833001 seconds.
  path: Assets/Tile Palettes/Cave.prefab
  artifactKey: Guid(db04e62585402d64180594eb63c0904c) Importer(815301076,1909f56bfc062723c751e8b465ee728b)
Start importing Assets/Tile Palettes/Cave.prefab using Guid(db04e62585402d64180594eb63c0904c) Importer(815301076,1909f56bfc062723c751e8b465ee728b)  -> (artifact id: '8ca84a38ba290761ed175f08b6064f91') in 0.036001 seconds 
========================================================================
Received Import Request.
  Time since last request: 0.000040 seconds.
  path: Assets/Cave_Stairs_02_2.asset
  artifactKey: Guid(a08d4334edf559143b29380fcacf547d) Importer(815301076,1909f56bfc062723c751e8b465ee728b)
Start importing Assets/Cave_Stairs_02_2.asset using Guid(a08d4334edf559143b29380fcacf547d) Importer(815301076,1909f56bfc062723c751e8b465ee728b)  -> (artifact id: 'f7c1253fc377dd5c96f604488c3d7fa1') in 0.010328 seconds 
========================================================================
Received Import Request.
  Time since last request: 3.828239 seconds.
  path: Assets/Tile Palettes/Cave.prefab
  artifactKey: Guid(db04e62585402d64180594eb63c0904c) Importer(815301076,1909f56bfc062723c751e8b465ee728b)
Start importing Assets/Tile Palettes/Cave.prefab using Guid(db04e62585402d64180594eb63c0904c) Importer(815301076,1909f56bfc062723c751e8b465ee728b)  -> (artifact id: 'c08ef703b602e0edfce4f4465887e9db') in 0.032978 seconds 
========================================================================
Received Import Request.
  Time since last request: 0.000021 seconds.
  path: Assets/Cave_Stairs_02_3.asset
  artifactKey: Guid(f18fe4b4c9f4a4941ae6a3c2f0450051) Importer(815301076,1909f56bfc062723c751e8b465ee728b)
Start importing Assets/Cave_Stairs_02_3.asset using Guid(f18fe4b4c9f4a4941ae6a3c2f0450051) Importer(815301076,1909f56bfc062723c751e8b465ee728b)  -> (artifact id: 'f624824d8e6de2c7a69f4d6a42a02ae0') in 0.017822 seconds 
========================================================================
Received Import Request.
  Time since last request: 10.566733 seconds.
  path: Assets/Tile Palettes/Cave.prefab
  artifactKey: Guid(db04e62585402d64180594eb63c0904c) Importer(815301076,1909f56bfc062723c751e8b465ee728b)
Start importing Assets/Tile Palettes/Cave.prefab using Guid(db04e62585402d64180594eb63c0904c) Importer(815301076,1909f56bfc062723c751e8b465ee728b)  -> (artifact id: '00751f44fdf83d0c54b16bca77e4b747') in 0.037949 seconds 
========================================================================
Received Import Request.
  Time since last request: 15.324755 seconds.
  path: Assets/Tile Palettes/Cave.prefab
  artifactKey: Guid(db04e62585402d64180594eb63c0904c) Importer(815301076,1909f56bfc062723c751e8b465ee728b)
Start importing Assets/Tile Palettes/Cave.prefab using Guid(db04e62585402d64180594eb63c0904c) Importer(815301076,1909f56bfc062723c751e8b465ee728b)  -> (artifact id: 'c0cfca3b6c584e69f4430c5b43cce85a') in 0.033806 seconds 
========================================================================
Received Import Request.
  Time since last request: 0.000188 seconds.
  path: Assets/Cave_Stairs_02_4.asset
  artifactKey: Guid(73cae101cb9ce5f4996c5abbdf86dd72) Importer(815301076,1909f56bfc062723c751e8b465ee728b)
Start importing Assets/Cave_Stairs_02_4.asset using Guid(73cae101cb9ce5f4996c5abbdf86dd72) Importer(815301076,1909f56bfc062723c751e8b465ee728b)  -> (artifact id: '3107e39ea7ffb5e06eaa69f46e1211d0') in 0.010312 seconds 
========================================================================
Received Import Request.
  Time since last request: 3.345670 seconds.
  path: Assets/Tile Palettes/Cave.prefab
  artifactKey: Guid(db04e62585402d64180594eb63c0904c) Importer(815301076,1909f56bfc062723c751e8b465ee728b)
Start importing Assets/Tile Palettes/Cave.prefab using Guid(db04e62585402d64180594eb63c0904c) Importer(815301076,1909f56bfc062723c751e8b465ee728b)  -> (artifact id: 'e387be919794c54cd44a91129441ec83') in 0.023332 seconds 
========================================================================
Received Import Request.
  Time since last request: 0.000109 seconds.
  path: Assets/Cave_Stairs_02_5.asset
  artifactKey: Guid(60224ff19d71d624184141f8484e2c09) Importer(815301076,1909f56bfc062723c751e8b465ee728b)
Start importing Assets/Cave_Stairs_02_5.asset using Guid(60224ff19d71d624184141f8484e2c09) Importer(815301076,1909f56bfc062723c751e8b465ee728b)  -> (artifact id: '31c9c6d407aa69f618162c345db46aae') in 0.006993 seconds 
========================================================================
Received Import Request.
  Time since last request: 16.651752 seconds.
  path: Assets/CaveCliffs_01_0.asset
  artifactKey: Guid(daa65aaa9cca2e641bdf43504ea378cc) Importer(815301076,1909f56bfc062723c751e8b465ee728b)
Start importing Assets/CaveCliffs_01_0.asset using Guid(daa65aaa9cca2e641bdf43504ea378cc) Importer(815301076,1909f56bfc062723c751e8b465ee728b)  -> (artifact id: '6b3b881ba6cf1acb1cb7d741f32320bd') in 0.006860 seconds 
========================================================================
Received Import Request.
  Time since last request: 5.011104 seconds.
  path: Assets/CaveCliffs_01_1.asset
  artifactKey: Guid(0c99d4ab719235c44a1488a38a53e4da) Importer(815301076,1909f56bfc062723c751e8b465ee728b)
Start importing Assets/CaveCliffs_01_1.asset using Guid(0c99d4ab719235c44a1488a38a53e4da) Importer(815301076,1909f56bfc062723c751e8b465ee728b)  -> (artifact id: '4d5b9139119cc409c04f0ce244d190f2') in 0.015444 seconds 
========================================================================
Received Import Request.
  Time since last request: 0.769021 seconds.
  path: Assets/Tile Palettes/Cave.prefab
  artifactKey: Guid(db04e62585402d64180594eb63c0904c) Importer(815301076,1909f56bfc062723c751e8b465ee728b)
Start importing Assets/Tile Palettes/Cave.prefab using Guid(db04e62585402d64180594eb63c0904c) Importer(815301076,1909f56bfc062723c751e8b465ee728b)  -> (artifact id: 'd27d85c528ab78e4e3366fb7bcb73739') in 0.025493 seconds 
========================================================================
Received Import Request.
  Time since last request: 1.690890 seconds.
  path: Assets/Tile Palettes/Cave.prefab
  artifactKey: Guid(db04e62585402d64180594eb63c0904c) Importer(815301076,1909f56bfc062723c751e8b465ee728b)
Start importing Assets/Tile Palettes/Cave.prefab using Guid(db04e62585402d64180594eb63c0904c) Importer(815301076,1909f56bfc062723c751e8b465ee728b)  -> (artifact id: '96e40eef628d81d31110c35606ce1624') in 0.034105 seconds 
========================================================================
Received Import Request.
  Time since last request: 0.000020 seconds.
  path: Assets/CaveCliffs_01_2.asset
  artifactKey: Guid(940ae91a2ede49a498d91d3df841c5e3) Importer(815301076,1909f56bfc062723c751e8b465ee728b)
Start importing Assets/CaveCliffs_01_2.asset using Guid(940ae91a2ede49a498d91d3df841c5e3) Importer(815301076,1909f56bfc062723c751e8b465ee728b)  -> (artifact id: '57540eea73f6d64185685cf0ff1242b7') in 0.009931 seconds 
========================================================================
Received Import Request.
  Time since last request: 6.147149 seconds.
  path: Assets/Tile Palettes/Cave.prefab
  artifactKey: Guid(db04e62585402d64180594eb63c0904c) Importer(815301076,1909f56bfc062723c751e8b465ee728b)
Start importing Assets/Tile Palettes/Cave.prefab using Guid(db04e62585402d64180594eb63c0904c) Importer(815301076,1909f56bfc062723c751e8b465ee728b)  -> (artifact id: 'd96e6ef4f7f924e9c4d133d0d1ffb1b0') in 0.037250 seconds 
========================================================================
Received Import Request.
  Time since last request: 0.000059 seconds.
  path: Assets/CaveCliffs_01_3.asset
  artifactKey: Guid(f21551b1a59989b41980b2a5510e8809) Importer(815301076,1909f56bfc062723c751e8b465ee728b)
Start importing Assets/CaveCliffs_01_3.asset using Guid(f21551b1a59989b41980b2a5510e8809) Importer(815301076,1909f56bfc062723c751e8b465ee728b)  -> (artifact id: '2a043ca498fa834e6a047a0695342a99') in 0.008485 seconds 
========================================================================
Received Import Request.
  Time since last request: 2.365432 seconds.
  path: Assets/Tile Palettes/Cave.prefab
  artifactKey: Guid(db04e62585402d64180594eb63c0904c) Importer(815301076,1909f56bfc062723c751e8b465ee728b)
Start importing Assets/Tile Palettes/Cave.prefab using Guid(db04e62585402d64180594eb63c0904c) Importer(815301076,1909f56bfc062723c751e8b465ee728b)  -> (artifact id: '886e06aec137a204815383075b434b89') in 0.037788 seconds 
========================================================================
Received Import Request.
  Time since last request: 0.000035 seconds.
  path: Assets/CaveCliffs_01_4.asset
  artifactKey: Guid(943dcb7511f869c468f87cfea64f4e6a) Importer(815301076,1909f56bfc062723c751e8b465ee728b)
Start importing Assets/CaveCliffs_01_4.asset using Guid(943dcb7511f869c468f87cfea64f4e6a) Importer(815301076,1909f56bfc062723c751e8b465ee728b)  -> (artifact id: 'd2a1299240964cfbcc63c11465f6300e') in 0.360371 seconds 
========================================================================
Received Import Request.
  Time since last request: 7.910730 seconds.
  path: Assets/Tile Palettes/Cave.prefab
  artifactKey: Guid(db04e62585402d64180594eb63c0904c) Importer(815301076,1909f56bfc062723c751e8b465ee728b)
Start importing Assets/Tile Palettes/Cave.prefab using Guid(db04e62585402d64180594eb63c0904c) Importer(815301076,1909f56bfc062723c751e8b465ee728b)  -> (artifact id: 'a1f0608f83c3c6cd90250bc9106ce37b') in 0.051076 seconds 
========================================================================
Received Import Request.
  Time since last request: 0.000077 seconds.
  path: Assets/CaveCliffs_01_5.asset
  artifactKey: Guid(4053a668a0aa6ce4dab34a400d0ccd80) Importer(815301076,1909f56bfc062723c751e8b465ee728b)
Start importing Assets/CaveCliffs_01_5.asset using Guid(4053a668a0aa6ce4dab34a400d0ccd80) Importer(815301076,1909f56bfc062723c751e8b465ee728b)  -> (artifact id: '3682097c2a22f002a5508736cd19788b') in 0.008007 seconds 
========================================================================
Received Import Request.
  Time since last request: 4.495222 seconds.
  path: Assets/Tile Palettes/Cave.prefab
  artifactKey: Guid(db04e62585402d64180594eb63c0904c) Importer(815301076,1909f56bfc062723c751e8b465ee728b)
Start importing Assets/Tile Palettes/Cave.prefab using Guid(db04e62585402d64180594eb63c0904c) Importer(815301076,1909f56bfc062723c751e8b465ee728b)  -> (artifact id: 'a6412116a1747693750ac341d045b2c3') in 0.038017 seconds 
========================================================================
Received Import Request.
  Time since last request: 0.000020 seconds.
  path: Assets/CaveCliffs_01_6.asset
  artifactKey: Guid(2d5f5d4faf56f714da72241e11a59d50) Importer(815301076,1909f56bfc062723c751e8b465ee728b)
Start importing Assets/CaveCliffs_01_6.asset using Guid(2d5f5d4faf56f714da72241e11a59d50) Importer(815301076,1909f56bfc062723c751e8b465ee728b)  -> (artifact id: 'a86510e816de0e16ed175c3ff27035b2') in 0.007505 seconds 
========================================================================
Received Import Request.
  Time since last request: 3.033270 seconds.
  path: Assets/Tile Palettes/Cave.prefab
  artifactKey: Guid(db04e62585402d64180594eb63c0904c) Importer(815301076,1909f56bfc062723c751e8b465ee728b)
Start importing Assets/Tile Palettes/Cave.prefab using Guid(db04e62585402d64180594eb63c0904c) Importer(815301076,1909f56bfc062723c751e8b465ee728b)  -> (artifact id: '4e2c5f65138421d6119ac70418604fae') in 0.043353 seconds 
========================================================================
Received Import Request.
  Time since last request: 0.000050 seconds.
  path: Assets/CaveCliffs_01_7.asset
  artifactKey: Guid(f83ded740c7473243a1d772ac89c57e6) Importer(815301076,1909f56bfc062723c751e8b465ee728b)
Start importing Assets/CaveCliffs_01_7.asset using Guid(f83ded740c7473243a1d772ac89c57e6) Importer(815301076,1909f56bfc062723c751e8b465ee728b)  -> (artifact id: 'aa5697fcb0e6e723d8178d7abd6fdc38') in 0.008876 seconds 
========================================================================
Received Import Request.
  Time since last request: 2.189329 seconds.
  path: Assets/Tile Palettes/Cave.prefab
  artifactKey: Guid(db04e62585402d64180594eb63c0904c) Importer(815301076,1909f56bfc062723c751e8b465ee728b)
Start importing Assets/Tile Palettes/Cave.prefab using Guid(db04e62585402d64180594eb63c0904c) Importer(815301076,1909f56bfc062723c751e8b465ee728b)  -> (artifact id: '98d3fd7290954d5de43071f423ac90e9') in 0.039166 seconds 
========================================================================
Received Import Request.
  Time since last request: 0.000023 seconds.
  path: Assets/CaveCliffs_01_8.asset
  artifactKey: Guid(68a80487df1509f41aaae267625f6b2d) Importer(815301076,1909f56bfc062723c751e8b465ee728b)
Start importing Assets/CaveCliffs_01_8.asset using Guid(68a80487df1509f41aaae267625f6b2d) Importer(815301076,1909f56bfc062723c751e8b465ee728b)  -> (artifact id: '7404a13fb82a683a7221c09eac71d5dd') in 0.008834 seconds 
========================================================================
Received Import Request.
  Time since last request: 10.273763 seconds.
  path: Assets/CaveCliffs_01_9.asset
  artifactKey: Guid(62e950ae532240f46857b342f92b614b) Importer(815301076,1909f56bfc062723c751e8b465ee728b)
Start importing Assets/CaveCliffs_01_9.asset using Guid(62e950ae532240f46857b342f92b614b) Importer(815301076,1909f56bfc062723c751e8b465ee728b)  -> (artifact id: '8a706e014055e4f338f329b05c22963b') in 0.008185 seconds 
========================================================================
Received Import Request.
  Time since last request: 2.515850 seconds.
  path: Assets/CaveCliffs_01_10.asset
  artifactKey: Guid(880f66f39243fb2428383df4a7d27992) Importer(815301076,1909f56bfc062723c751e8b465ee728b)
Start importing Assets/CaveCliffs_01_10.asset using Guid(880f66f39243fb2428383df4a7d27992) Importer(815301076,1909f56bfc062723c751e8b465ee728b)  -> (artifact id: '83bed2ddee0050b857e2cb3add70b3b2') in 0.008815 seconds 
========================================================================
Received Import Request.
  Time since last request: 2.801731 seconds.
  path: Assets/CaveCliffs_01_11.asset
  artifactKey: Guid(e11e10bfbed22e740a8ee886328879f3) Importer(815301076,1909f56bfc062723c751e8b465ee728b)
Start importing Assets/CaveCliffs_01_11.asset using Guid(e11e10bfbed22e740a8ee886328879f3) Importer(815301076,1909f56bfc062723c751e8b465ee728b)  -> (artifact id: '54c1ff288a14328f9288757edbaf05e8') in 0.009757 seconds 
========================================================================
Received Import Request.
  Time since last request: 8.764032 seconds.
  path: Assets/CaveCliffs_02_0.asset
  artifactKey: Guid(d9860a4d357efc04e9bcb2156af90a59) Importer(815301076,1909f56bfc062723c751e8b465ee728b)
Start importing Assets/CaveCliffs_02_0.asset using Guid(d9860a4d357efc04e9bcb2156af90a59) Importer(815301076,1909f56bfc062723c751e8b465ee728b)  -> (artifact id: '4d12bfb5d719d2dc4ec8d2eefece249e') in 0.010202 seconds 
========================================================================
Received Import Request.
  Time since last request: 2.416168 seconds.
  path: Assets/CaveCliffs_02_1.asset
  artifactKey: Guid(0afa6d1747b2a7f4fbd5409f8b83ead1) Importer(815301076,1909f56bfc062723c751e8b465ee728b)
Start importing Assets/CaveCliffs_02_1.asset using Guid(0afa6d1747b2a7f4fbd5409f8b83ead1) Importer(815301076,1909f56bfc062723c751e8b465ee728b)  -> (artifact id: '4bb1b7b0233efb462e916961bf154f67') in 0.008268 seconds 
========================================================================
Received Import Request.
  Time since last request: 2.932457 seconds.
  path: Assets/CaveCliffs_02_2.asset
  artifactKey: Guid(0232ce4e44193f243a045f8b5c554f43) Importer(815301076,1909f56bfc062723c751e8b465ee728b)
Start importing Assets/CaveCliffs_02_2.asset using Guid(0232ce4e44193f243a045f8b5c554f43) Importer(815301076,1909f56bfc062723c751e8b465ee728b)  -> (artifact id: '1229b5de650b1dd4561668139dc1cadc') in 0.006975 seconds 
========================================================================
Received Import Request.
  Time since last request: 2.504291 seconds.
  path: Assets/CaveCliffs_02_3.asset
  artifactKey: Guid(e0ff2eccd0cdfcb46a5a72ff2d692458) Importer(815301076,1909f56bfc062723c751e8b465ee728b)
Start importing Assets/CaveCliffs_02_3.asset using Guid(e0ff2eccd0cdfcb46a5a72ff2d692458) Importer(815301076,1909f56bfc062723c751e8b465ee728b)  -> (artifact id: '6eee18aece4a6c9de7ead397556cdcbb') in 0.007631 seconds 
========================================================================
Received Import Request.
  Time since last request: 2.463646 seconds.
  path: Assets/CaveCliffs_02_4.asset
  artifactKey: Guid(039846f0a75b24b41b0ed870c5dd1297) Importer(815301076,1909f56bfc062723c751e8b465ee728b)
Start importing Assets/CaveCliffs_02_4.asset using Guid(039846f0a75b24b41b0ed870c5dd1297) Importer(815301076,1909f56bfc062723c751e8b465ee728b)  -> (artifact id: '533ff90c21173c5e07124012c3a5c023') in 0.008519 seconds 
========================================================================
Received Import Request.
  Time since last request: 21.400627 seconds.
  path: Assets/CaveCliffs_02_5.asset
  artifactKey: Guid(3b0ad35b37168a147a50e4159027c9de) Importer(815301076,1909f56bfc062723c751e8b465ee728b)
Start importing Assets/CaveCliffs_02_5.asset using Guid(3b0ad35b37168a147a50e4159027c9de) Importer(815301076,1909f56bfc062723c751e8b465ee728b)  -> (artifact id: '14f3b587438208680a1be32d22fe28de') in 0.007111 seconds 
========================================================================
Received Import Request.
  Time since last request: 4.250124 seconds.
  path: Assets/CaveCliffs_02_6.asset
  artifactKey: Guid(04c016e916cebda47b2a7791ea1dd313) Importer(815301076,1909f56bfc062723c751e8b465ee728b)
Start importing Assets/CaveCliffs_02_6.asset using Guid(04c016e916cebda47b2a7791ea1dd313) Importer(815301076,1909f56bfc062723c751e8b465ee728b)  -> (artifact id: '4c1b612c3aeb9742242eeb7e69135f05') in 0.009623 seconds 
========================================================================
Received Import Request.
  Time since last request: 2.663739 seconds.
  path: Assets/CaveCliffs_02_7.asset
  artifactKey: Guid(94eff8be12364524ab81252a5bf7bf34) Importer(815301076,1909f56bfc062723c751e8b465ee728b)
Start importing Assets/CaveCliffs_02_7.asset using Guid(94eff8be12364524ab81252a5bf7bf34) Importer(815301076,1909f56bfc062723c751e8b465ee728b)  -> (artifact id: '43b6edcc2a2d7253df9095d662b234e1') in 0.009648 seconds 
========================================================================
Received Import Request.
  Time since last request: 11.753703 seconds.
  path: Assets/CaveCliffs_02_8.asset
  artifactKey: Guid(442674fa3d729bc4982e5728d9f28655) Importer(815301076,1909f56bfc062723c751e8b465ee728b)
Start importing Assets/CaveCliffs_02_8.asset using Guid(442674fa3d729bc4982e5728d9f28655) Importer(815301076,1909f56bfc062723c751e8b465ee728b)  -> (artifact id: '999c515d2a63364ece9689f0d0ab51e9') in 0.009607 seconds 
========================================================================
Received Import Request.
  Time since last request: 3.092722 seconds.
  path: Assets/CaveCliffs_02_9.asset
  artifactKey: Guid(dccd3b8cefa289e4188646686707280c) Importer(815301076,1909f56bfc062723c751e8b465ee728b)
Start importing Assets/CaveCliffs_02_9.asset using Guid(dccd3b8cefa289e4188646686707280c) Importer(815301076,1909f56bfc062723c751e8b465ee728b)  -> (artifact id: '530b7fc6644f45f468d8c0e9e09ea217') in 0.009070 seconds 
========================================================================
Received Import Request.
  Time since last request: 3.392477 seconds.
  path: Assets/CaveCliffs_02_10.asset
  artifactKey: Guid(b7e779b1d13726240bab3e322d21da99) Importer(815301076,1909f56bfc062723c751e8b465ee728b)
Start importing Assets/CaveCliffs_02_10.asset using Guid(b7e779b1d13726240bab3e322d21da99) Importer(815301076,1909f56bfc062723c751e8b465ee728b)  -> (artifact id: '119255616a3f9ad2b2fc86a3fbdac7ab') in 0.016973 seconds 
========================================================================
Received Import Request.
  Time since last request: 3.181681 seconds.
  path: Assets/CaveCliffs_02_11.asset
  artifactKey: Guid(620fdfe1ee41bc74b97e2c90f683814a) Importer(815301076,1909f56bfc062723c751e8b465ee728b)
Start importing Assets/CaveCliffs_02_11.asset using Guid(620fdfe1ee41bc74b97e2c90f683814a) Importer(815301076,1909f56bfc062723c751e8b465ee728b)  -> (artifact id: '71575f1e2e99350255b269b195c65588') in 0.009206 seconds 
========================================================================
Received Import Request.
  Time since last request: 3.904344 seconds.
  path: Assets/CaveDirt.asset
  artifactKey: Guid(2ca445acbaffde144b08bf1c97352aab) Importer(815301076,1909f56bfc062723c751e8b465ee728b)
Start importing Assets/CaveDirt.asset using Guid(2ca445acbaffde144b08bf1c97352aab) Importer(815301076,1909f56bfc062723c751e8b465ee728b)  -> (artifact id: 'b1c22b6a00c4705e839152b2c3d24d8a') in 0.003585 seconds 
========================================================================
Received Import Request.
  Time since last request: 8.122216 seconds.
  path: Assets/CaveDirt_To_Lava_lm.asset
  artifactKey: Guid(386fd2c3fd3818b44b14445e10a53f79) Importer(815301076,1909f56bfc062723c751e8b465ee728b)
Start importing Assets/CaveDirt_To_Lava_lm.asset using Guid(386fd2c3fd3818b44b14445e10a53f79) Importer(815301076,1909f56bfc062723c751e8b465ee728b)  -> (artifact id: 'bd9d4a45432fcf6e17b4d065d124212d') in 0.002850 seconds 
========================================================================
Received Import Request.
  Time since last request: 9.855125 seconds.
  path: Assets/Sprites/World/CaveDirt_To_Lava_lm.png
  artifactKey: Guid(faaeccb21eae76146b834855108a4d46) Importer(815301076,1909f56bfc062723c751e8b465ee728b)
Start importing Assets/Sprites/World/CaveDirt_To_Lava_lm.png using Guid(faaeccb21eae76146b834855108a4d46) Importer(815301076,1909f56bfc062723c751e8b465ee728b)  -> (artifact id: '1ef513bfcdeeac23f843caaae6d8dd85') in 0.013198 seconds 
========================================================================
Received Import Request.
  Time since last request: 4.852813 seconds.
  path: Assets/CaveDirt_To_Lava_ml.asset
  artifactKey: Guid(9ae6e02bd07cca2438bf1ddca5f7c3c7) Importer(815301076,1909f56bfc062723c751e8b465ee728b)
Start importing Assets/CaveDirt_To_Lava_ml.asset using Guid(9ae6e02bd07cca2438bf1ddca5f7c3c7) Importer(815301076,1909f56bfc062723c751e8b465ee728b)  -> (artifact id: 'f3be65d45467b7a325f3e4eacad4cb42') in 0.010858 seconds 
========================================================================
Received Import Request.
  Time since last request: 7.960098 seconds.
  path: Assets/CaveDirt_To_Lava_mr.asset
  artifactKey: Guid(ed7b83f754ae5da42983d9de6df308f1) Importer(815301076,1909f56bfc062723c751e8b465ee728b)
Start importing Assets/CaveDirt_To_Lava_mr.asset using Guid(ed7b83f754ae5da42983d9de6df308f1) Importer(815301076,1909f56bfc062723c751e8b465ee728b)  -> (artifact id: '01c44dfc452ac4f414d11d8d46f4da76') in 0.002964 seconds 
========================================================================
Received Import Request.
  Time since last request: 3.692878 seconds.
  path: Assets/CaveDirt_To_Lava_um.asset
  artifactKey: Guid(a81efa94b03d18c48baa45ea41ca1f48) Importer(815301076,1909f56bfc062723c751e8b465ee728b)
Start importing Assets/CaveDirt_To_Lava_um.asset using Guid(a81efa94b03d18c48baa45ea41ca1f48) Importer(815301076,1909f56bfc062723c751e8b465ee728b)  -> (artifact id: '8e3cf091fff6aca8c9031a8682b5c274') in 0.003608 seconds 
========================================================================
Received Import Request.
  Time since last request: 8.051067 seconds.
  path: Assets/CaveRock_01.asset
  artifactKey: Guid(46d0c81a512b97546b094a98f764daba) Importer(815301076,1909f56bfc062723c751e8b465ee728b)
Start importing Assets/CaveRock_01.asset using Guid(46d0c81a512b97546b094a98f764daba) Importer(815301076,1909f56bfc062723c751e8b465ee728b)  -> (artifact id: '9e7fa08a969be6838ceda2e9e37bdb40') in 0.002937 seconds 
========================================================================
Received Import Request.
  Time since last request: 20.140773 seconds.
  path: Assets/CaveRock_02.asset
  artifactKey: Guid(e2b816f8059b3e84f8128df8bd473130) Importer(815301076,1909f56bfc062723c751e8b465ee728b)
Start importing Assets/CaveRock_02.asset using Guid(e2b816f8059b3e84f8128df8bd473130) Importer(815301076,1909f56bfc062723c751e8b465ee728b)  -> (artifact id: '30cd3387ec795939942e29a4f949ce20') in 0.003853 seconds 
========================================================================
Received Import Request.
  Time since last request: 4.461614 seconds.
  path: Assets/CaveRock_03.asset
  artifactKey: Guid(0863182cd4e6e804c9928b15864f367b) Importer(815301076,1909f56bfc062723c751e8b465ee728b)
Start importing Assets/CaveRock_03.asset using Guid(0863182cd4e6e804c9928b15864f367b) Importer(815301076,1909f56bfc062723c751e8b465ee728b)  -> (artifact id: '1f6bd62c0b725e98f36b1efd5da333fd') in 0.013125 seconds 
========================================================================
Received Import Request.
  Time since last request: 1704.851010 seconds.
  path: Assets/Sprites/World/Cave_Ceiling 1.png
  artifactKey: Guid(134cf7212812d744281b990e1f030abd) Importer(815301076,1909f56bfc062723c751e8b465ee728b)
Start importing Assets/Sprites/World/Cave_Ceiling 1.png using Guid(134cf7212812d744281b990e1f030abd) Importer(815301076,1909f56bfc062723c751e8b465ee728b)  -> (artifact id: '7c4f581c99b432e99449be0a96ef715e') in 0.023944 seconds 
========================================================================
Received Import Request.
  Time since last request: 18.312259 seconds.
  path: Assets/Sprites/World/Cave_Ceiling.png
  artifactKey: Guid(134cf7212812d744281b990e1f030abd) Importer(815301076,1909f56bfc062723c751e8b465ee728b)
Start importing Assets/Sprites/World/Cave_Ceiling.png using Guid(134cf7212812d744281b990e1f030abd) Importer(815301076,1909f56bfc062723c751e8b465ee728b)  -> (artifact id: 'f4b4c0a1fac0b102d31f562cfcd7408c') in 0.073892 seconds 
========================================================================
Received Import Request.
  Time since last request: 13.118531 seconds.
  path: Assets/Sprites/World/Cave_Ceiling.png
  artifactKey: Guid(134cf7212812d744281b990e1f030abd) Importer(815301076,1909f56bfc062723c751e8b465ee728b)
Start importing Assets/Sprites/World/Cave_Ceiling.png using Guid(134cf7212812d744281b990e1f030abd) Importer(815301076,1909f56bfc062723c751e8b465ee728b)  -> (artifact id: '7f996ffca9a037994ea3b157ab416105') in 0.011511 seconds 
========================================================================
Received Import Request.
  Time since last request: 20.209524 seconds.
  path: Assets/Gamedata/CustomTiles/Cave/CaveCeiling.asset
  artifactKey: Guid(326d44f5dfc1a9e4ca4ce9d08b0b0a9a) Importer(815301076,1909f56bfc062723c751e8b465ee728b)
Start importing Assets/Gamedata/CustomTiles/Cave/CaveCeiling.asset using Guid(326d44f5dfc1a9e4ca4ce9d08b0b0a9a) Importer(815301076,1909f56bfc062723c751e8b465ee728b)  -> (artifact id: 'e08f359fc711a9aa65fc0c0595bfbb75') in 0.002989 seconds 
========================================================================
Received Import Request.
  Time since last request: 9.186669 seconds.
  path: Assets/Tile Palettes/Cave.prefab
  artifactKey: Guid(db04e62585402d64180594eb63c0904c) Importer(815301076,1909f56bfc062723c751e8b465ee728b)
Start importing Assets/Tile Palettes/Cave.prefab using Guid(db04e62585402d64180594eb63c0904c) Importer(815301076,1909f56bfc062723c751e8b465ee728b)  -> (artifact id: '54db7893b2506d57f4b2529a0c354462') in 0.046864 seconds 
========================================================================
Received Import Request.
  Time since last request: 57.490395 seconds.
  path: Assets/Sprites/World/Cave_Ceiling.png
  artifactKey: Guid(134cf7212812d744281b990e1f030abd) Importer(815301076,1909f56bfc062723c751e8b465ee728b)
Start importing Assets/Sprites/World/Cave_Ceiling.png using Guid(134cf7212812d744281b990e1f030abd) Importer(815301076,1909f56bfc062723c751e8b465ee728b)  -> (artifact id: 'bd87f57fcec24daed4d49becafbd1930') in 0.051605 seconds 
========================================================================
Received Import Request.
  Time since last request: 76.340266 seconds.
  path: Assets/Gamedata/CustomTiles/Cave/CaveCeiling.asset
  artifactKey: Guid(326d44f5dfc1a9e4ca4ce9d08b0b0a9a) Importer(815301076,1909f56bfc062723c751e8b465ee728b)
Start importing Assets/Gamedata/CustomTiles/Cave/CaveCeiling.asset using Guid(326d44f5dfc1a9e4ca4ce9d08b0b0a9a) Importer(815301076,1909f56bfc062723c751e8b465ee728b)  -> (artifact id: '3ba40dde9512c131a891b98e210db569') in 0.004271 seconds 
========================================================================
Received Import Request.
  Time since last request: 1686.069504 seconds.
  path: Assets/Scenes/Map_2_1.unity
  artifactKey: Guid(b8cda55e2278da142a6d4bbc721fbbe4) Importer(815301076,1909f56bfc062723c751e8b465ee728b)
Start importing Assets/Scenes/Map_2_1.unity using Guid(b8cda55e2278da142a6d4bbc721fbbe4) Importer(815301076,1909f56bfc062723c751e8b465ee728b)  -> (artifact id: 'b37f58e12c766d363e1d6d43f7651e3a') in 0.013088 seconds 
